{"/Users/vivekkodira/work/pratishthan/snapshot-testing/config-loader.js": {"path":"/Users/vivekkodira/work/pratishthan/snapshot-testing/config-loader.js","statementMap":{"0":{"start":{"line":36,"column":19},"end":{"line":36,"column":49}},"1":{"start":{"line":37,"column":18},"end":{"line":37,"column":42}},"2":{"start":{"line":44,"column":18},"end":{"line":51,"column":1}},"3":{"start":{"line":45,"column":2},"end":{"line":45,"column":41}},"4":{"start":{"line":45,"column":28},"end":{"line":45,"column":41}},"5":{"start":{"line":46,"column":2},"end":{"line":46,"column":24}},"6":{"start":{"line":46,"column":14},"end":{"line":46,"column":24}},"7":{"start":{"line":47,"column":2},"end":{"line":50,"column":21}},"8":{"start":{"line":49,"column":16},"end":{"line":49,"column":24}},"9":{"start":{"line":59,"column":21},"end":{"line":68,"column":1}},"10":{"start":{"line":60,"column":2},"end":{"line":60,"column":65}},"11":{"start":{"line":60,"column":45},"end":{"line":60,"column":65}},"12":{"start":{"line":61,"column":2},"end":{"line":61,"column":47}},"13":{"start":{"line":61,"column":34},"end":{"line":61,"column":47}},"14":{"start":{"line":62,"column":2},"end":{"line":66,"column":3}},"15":{"start":{"line":63,"column":18},"end":{"line":63,"column":37}},"16":{"start":{"line":64,"column":4},"end":{"line":64,"column":55}},"17":{"start":{"line":64,"column":43},"end":{"line":64,"column":55}},"18":{"start":{"line":65,"column":4},"end":{"line":65,"column":57}},"19":{"start":{"line":65,"column":44},"end":{"line":65,"column":57}},"20":{"start":{"line":67,"column":2},"end":{"line":67,"column":22}},"21":{"start":{"line":75,"column":23},"end":{"line":97,"column":1}},"22":{"start":{"line":76,"column":2},"end":{"line":78,"column":3}},"23":{"start":{"line":77,"column":4},"end":{"line":77,"column":14}},"24":{"start":{"line":80,"column":14},"end":{"line":80,"column":38}},"25":{"start":{"line":82,"column":2},"end":{"line":94,"column":3}},"26":{"start":{"line":83,"column":4},"end":{"line":90,"column":5}},"27":{"start":{"line":84,"column":22},"end":{"line":84,"column":57}},"28":{"start":{"line":85,"column":6},"end":{"line":85,"column":33}},"29":{"start":{"line":86,"column":11},"end":{"line":90,"column":5}},"30":{"start":{"line":87,"column":22},"end":{"line":87,"column":67}},"31":{"start":{"line":88,"column":21},"end":{"line":88,"column":47}},"32":{"start":{"line":89,"column":6},"end":{"line":89,"column":38}},"33":{"start":{"line":92,"column":4},"end":{"line":92,"column":79}},"34":{"start":{"line":93,"column":4},"end":{"line":93,"column":14}},"35":{"start":{"line":96,"column":2},"end":{"line":96,"column":12}},"36":{"start":{"line":103,"column":23},"end":{"line":123,"column":1}},"37":{"start":{"line":104,"column":24},"end":{"line":111,"column":3}},"38":{"start":{"line":113,"column":22},"end":{"line":113,"column":35}},"39":{"start":{"line":115,"column":2},"end":{"line":120,"column":3}},"40":{"start":{"line":116,"column":21},"end":{"line":116,"column":49}},"41":{"start":{"line":117,"column":4},"end":{"line":119,"column":5}},"42":{"start":{"line":118,"column":6},"end":{"line":118,"column":22}},"43":{"start":{"line":122,"column":2},"end":{"line":122,"column":14}},"44":{"start":{"line":129,"column":25},"end":{"line":172,"column":1}},"45":{"start":{"line":130,"column":2},"end":{"line":171,"column":4}},"46":{"start":{"line":180,"column":18},"end":{"line":200,"column":1}},"47":{"start":{"line":181,"column":17},"end":{"line":181,"column":30}},"48":{"start":{"line":183,"column":2},"end":{"line":197,"column":3}},"49":{"start":{"line":184,"column":4},"end":{"line":186,"column":5}},"50":{"start":{"line":185,"column":6},"end":{"line":185,"column":15}},"51":{"start":{"line":188,"column":4},"end":{"line":196,"column":5}},"52":{"start":{"line":193,"column":6},"end":{"line":193,"column":62}},"53":{"start":{"line":195,"column":6},"end":{"line":195,"column":32}},"54":{"start":{"line":199,"column":2},"end":{"line":199,"column":16}},"55":{"start":{"line":207,"column":24},"end":{"line":295,"column":1}},"56":{"start":{"line":208,"column":21},"end":{"line":208,"column":34}},"57":{"start":{"line":211,"column":2},"end":{"line":220,"column":3}},"58":{"start":{"line":212,"column":4},"end":{"line":214,"column":5}},"59":{"start":{"line":213,"column":6},"end":{"line":213,"column":75}},"60":{"start":{"line":215,"column":4},"end":{"line":219,"column":5}},"61":{"start":{"line":216,"column":6},"end":{"line":218,"column":8}},"62":{"start":{"line":223,"column":2},"end":{"line":235,"column":3}},"63":{"start":{"line":224,"column":4},"end":{"line":228,"column":5}},"64":{"start":{"line":225,"column":6},"end":{"line":227,"column":8}},"65":{"start":{"line":229,"column":4},"end":{"line":231,"column":5}},"66":{"start":{"line":230,"column":6},"end":{"line":230,"column":75}},"67":{"start":{"line":232,"column":4},"end":{"line":234,"column":5}},"68":{"start":{"line":233,"column":6},"end":{"line":233,"column":79}},"69":{"start":{"line":237,"column":2},"end":{"line":244,"column":3}},"70":{"start":{"line":241,"column":4},"end":{"line":243,"column":6}},"71":{"start":{"line":246,"column":2},"end":{"line":253,"column":3}},"72":{"start":{"line":250,"column":4},"end":{"line":252,"column":6}},"73":{"start":{"line":256,"column":2},"end":{"line":263,"column":3}},"74":{"start":{"line":257,"column":4},"end":{"line":262,"column":5}},"75":{"start":{"line":258,"column":6},"end":{"line":261,"column":8}},"76":{"start":{"line":265,"column":2},"end":{"line":278,"column":3}},"77":{"start":{"line":266,"column":4},"end":{"line":271,"column":5}},"78":{"start":{"line":267,"column":6},"end":{"line":270,"column":8}},"79":{"start":{"line":272,"column":4},"end":{"line":277,"column":5}},"80":{"start":{"line":273,"column":6},"end":{"line":276,"column":8}},"81":{"start":{"line":281,"column":2},"end":{"line":292,"column":3}},"82":{"start":{"line":282,"column":4},"end":{"line":286,"column":5}},"83":{"start":{"line":283,"column":6},"end":{"line":285,"column":35}},"84":{"start":{"line":287,"column":4},"end":{"line":291,"column":5}},"85":{"start":{"line":288,"column":6},"end":{"line":290,"column":31}},"86":{"start":{"line":294,"column":2},"end":{"line":294,"column":20}},"87":{"start":{"line":302,"column":23},"end":{"line":329,"column":1}},"88":{"start":{"line":304,"column":2},"end":{"line":309,"column":3}},"89":{"start":{"line":305,"column":17},"end":{"line":305,"column":46}},"90":{"start":{"line":306,"column":4},"end":{"line":308,"column":5}},"91":{"start":{"line":307,"column":6},"end":{"line":307,"column":74}},"92":{"start":{"line":312,"column":2},"end":{"line":319,"column":3}},"93":{"start":{"line":313,"column":22},"end":{"line":313,"column":72}},"94":{"start":{"line":314,"column":4},"end":{"line":318,"column":5}},"95":{"start":{"line":315,"column":6},"end":{"line":317,"column":8}},"96":{"start":{"line":321,"column":2},"end":{"line":328,"column":3}},"97":{"start":{"line":322,"column":22},"end":{"line":322,"column":68}},"98":{"start":{"line":323,"column":4},"end":{"line":327,"column":5}},"99":{"start":{"line":324,"column":6},"end":{"line":326,"column":8}},"100":{"start":{"line":339,"column":26},"end":{"line":361,"column":1}},"101":{"start":{"line":341,"column":15},"end":{"line":341,"column":33}},"102":{"start":{"line":344,"column":25},"end":{"line":344,"column":63}},"103":{"start":{"line":346,"column":2},"end":{"line":349,"column":3}},"104":{"start":{"line":347,"column":23},"end":{"line":347,"column":59}},"105":{"start":{"line":348,"column":4},"end":{"line":348,"column":43}},"106":{"start":{"line":352,"column":2},"end":{"line":352,"column":38}},"107":{"start":{"line":355,"column":2},"end":{"line":355,"column":35}},"108":{"start":{"line":358,"column":2},"end":{"line":358,"column":25}},"109":{"start":{"line":360,"column":2},"end":{"line":360,"column":16}},"110":{"start":{"line":370,"column":30},"end":{"line":383,"column":1}},"111":{"start":{"line":371,"column":15},"end":{"line":371,"column":30}},"112":{"start":{"line":372,"column":14},"end":{"line":372,"column":20}},"113":{"start":{"line":374,"column":2},"end":{"line":380,"column":3}},"114":{"start":{"line":375,"column":4},"end":{"line":379,"column":5}},"115":{"start":{"line":376,"column":6},"end":{"line":376,"column":25}},"116":{"start":{"line":378,"column":6},"end":{"line":378,"column":26}},"117":{"start":{"line":382,"column":2},"end":{"line":382,"column":15}}},"fnMap":{"0":{"name":"(anonymous_0)","decl":{"start":{"line":44,"column":18},"end":{"line":44,"column":19}},"loc":{"start":{"line":44,"column":29},"end":{"line":51,"column":1}},"line":44},"1":{"name":"(anonymous_1)","decl":{"start":{"line":49,"column":9},"end":{"line":49,"column":10}},"loc":{"start":{"line":49,"column":16},"end":{"line":49,"column":24}},"line":49},"2":{"name":"(anonymous_2)","decl":{"start":{"line":59,"column":21},"end":{"line":59,"column":22}},"loc":{"start":{"line":59,"column":46},"end":{"line":68,"column":1}},"line":59},"3":{"name":"(anonymous_3)","decl":{"start":{"line":75,"column":23},"end":{"line":75,"column":24}},"loc":{"start":{"line":75,"column":45},"end":{"line":97,"column":1}},"line":75},"4":{"name":"(anonymous_4)","decl":{"start":{"line":103,"column":23},"end":{"line":103,"column":24}},"loc":{"start":{"line":103,"column":29},"end":{"line":123,"column":1}},"line":103},"5":{"name":"(anonymous_5)","decl":{"start":{"line":129,"column":25},"end":{"line":129,"column":26}},"loc":{"start":{"line":129,"column":31},"end":{"line":172,"column":1}},"line":129},"6":{"name":"(anonymous_6)","decl":{"start":{"line":180,"column":18},"end":{"line":180,"column":19}},"loc":{"start":{"line":180,"column":38},"end":{"line":200,"column":1}},"line":180},"7":{"name":"(anonymous_7)","decl":{"start":{"line":207,"column":24},"end":{"line":207,"column":25}},"loc":{"start":{"line":207,"column":36},"end":{"line":295,"column":1}},"line":207},"8":{"name":"(anonymous_8)","decl":{"start":{"line":302,"column":23},"end":{"line":302,"column":24}},"loc":{"start":{"line":302,"column":35},"end":{"line":329,"column":1}},"line":302},"9":{"name":"(anonymous_9)","decl":{"start":{"line":339,"column":26},"end":{"line":339,"column":27}},"loc":{"start":{"line":339,"column":50},"end":{"line":361,"column":1}},"line":339},"10":{"name":"(anonymous_10)","decl":{"start":{"line":370,"column":30},"end":{"line":370,"column":31}},"loc":{"start":{"line":370,"column":74},"end":{"line":383,"column":1}},"line":370}},"branchMap":{"0":{"loc":{"start":{"line":45,"column":2},"end":{"line":45,"column":41}},"type":"if","locations":[{"start":{"line":45,"column":2},"end":{"line":45,"column":41}},{"start":{},"end":{}}],"line":45},"1":{"loc":{"start":{"line":46,"column":2},"end":{"line":46,"column":24}},"type":"if","locations":[{"start":{"line":46,"column":2},"end":{"line":46,"column":24}},{"start":{},"end":{}}],"line":46},"2":{"loc":{"start":{"line":60,"column":2},"end":{"line":60,"column":65}},"type":"if","locations":[{"start":{"line":60,"column":2},"end":{"line":60,"column":65}},{"start":{},"end":{}}],"line":60},"3":{"loc":{"start":{"line":60,"column":6},"end":{"line":60,"column":43}},"type":"binary-expr","locations":[{"start":{"line":60,"column":6},"end":{"line":60,"column":25}},{"start":{"line":60,"column":29},"end":{"line":60,"column":43}}],"line":60},"4":{"loc":{"start":{"line":61,"column":2},"end":{"line":61,"column":47}},"type":"if","locations":[{"start":{"line":61,"column":2},"end":{"line":61,"column":47}},{"start":{},"end":{}}],"line":61},"5":{"loc":{"start":{"line":62,"column":2},"end":{"line":66,"column":3}},"type":"if","locations":[{"start":{"line":62,"column":2},"end":{"line":66,"column":3}},{"start":{},"end":{}}],"line":62},"6":{"loc":{"start":{"line":64,"column":4},"end":{"line":64,"column":55}},"type":"if","locations":[{"start":{"line":64,"column":4},"end":{"line":64,"column":55}},{"start":{},"end":{}}],"line":64},"7":{"loc":{"start":{"line":64,"column":8},"end":{"line":64,"column":41}},"type":"binary-expr","locations":[{"start":{"line":64,"column":8},"end":{"line":64,"column":24}},{"start":{"line":64,"column":28},"end":{"line":64,"column":41}}],"line":64},"8":{"loc":{"start":{"line":65,"column":4},"end":{"line":65,"column":57}},"type":"if","locations":[{"start":{"line":65,"column":4},"end":{"line":65,"column":57}},{"start":{},"end":{}}],"line":65},"9":{"loc":{"start":{"line":65,"column":8},"end":{"line":65,"column":42}},"type":"binary-expr","locations":[{"start":{"line":65,"column":8},"end":{"line":65,"column":25}},{"start":{"line":65,"column":29},"end":{"line":65,"column":42}}],"line":65},"10":{"loc":{"start":{"line":76,"column":2},"end":{"line":78,"column":3}},"type":"if","locations":[{"start":{"line":76,"column":2},"end":{"line":78,"column":3}},{"start":{},"end":{}}],"line":76},"11":{"loc":{"start":{"line":76,"column":6},"end":{"line":76,"column":47}},"type":"binary-expr","locations":[{"start":{"line":76,"column":6},"end":{"line":76,"column":17}},{"start":{"line":76,"column":21},"end":{"line":76,"column":47}}],"line":76},"12":{"loc":{"start":{"line":83,"column":4},"end":{"line":90,"column":5}},"type":"if","locations":[{"start":{"line":83,"column":4},"end":{"line":90,"column":5}},{"start":{"line":86,"column":11},"end":{"line":90,"column":5}}],"line":83},"13":{"loc":{"start":{"line":86,"column":11},"end":{"line":90,"column":5}},"type":"if","locations":[{"start":{"line":86,"column":11},"end":{"line":90,"column":5}},{"start":{},"end":{}}],"line":86},"14":{"loc":{"start":{"line":86,"column":15},"end":{"line":86,"column":46}},"type":"binary-expr","locations":[{"start":{"line":86,"column":15},"end":{"line":86,"column":28}},{"start":{"line":86,"column":32},"end":{"line":86,"column":46}}],"line":86},"15":{"loc":{"start":{"line":89,"column":13},"end":{"line":89,"column":37}},"type":"binary-expr","locations":[{"start":{"line":89,"column":13},"end":{"line":89,"column":27}},{"start":{"line":89,"column":31},"end":{"line":89,"column":37}}],"line":89},"16":{"loc":{"start":{"line":117,"column":4},"end":{"line":119,"column":5}},"type":"if","locations":[{"start":{"line":117,"column":4},"end":{"line":119,"column":5}},{"start":{},"end":{}}],"line":117},"17":{"loc":{"start":{"line":184,"column":4},"end":{"line":186,"column":5}},"type":"if","locations":[{"start":{"line":184,"column":4},"end":{"line":186,"column":5}},{"start":{},"end":{}}],"line":184},"18":{"loc":{"start":{"line":184,"column":8},"end":{"line":184,"column":57}},"type":"binary-expr","locations":[{"start":{"line":184,"column":8},"end":{"line":184,"column":33}},{"start":{"line":184,"column":37},"end":{"line":184,"column":57}}],"line":184},"19":{"loc":{"start":{"line":188,"column":4},"end":{"line":196,"column":5}},"type":"if","locations":[{"start":{"line":188,"column":4},"end":{"line":196,"column":5}},{"start":{"line":194,"column":11},"end":{"line":196,"column":5}}],"line":188},"20":{"loc":{"start":{"line":189,"column":6},"end":{"line":191,"column":26}},"type":"binary-expr","locations":[{"start":{"line":189,"column":6},"end":{"line":189,"column":37}},{"start":{"line":190,"column":6},"end":{"line":190,"column":33}},{"start":{"line":191,"column":6},"end":{"line":191,"column":26}}],"line":189},"21":{"loc":{"start":{"line":193,"column":30},"end":{"line":193,"column":47}},"type":"binary-expr","locations":[{"start":{"line":193,"column":30},"end":{"line":193,"column":41}},{"start":{"line":193,"column":45},"end":{"line":193,"column":47}}],"line":193},"22":{"loc":{"start":{"line":211,"column":2},"end":{"line":220,"column":3}},"type":"if","locations":[{"start":{"line":211,"column":2},"end":{"line":220,"column":3}},{"start":{},"end":{}}],"line":211},"23":{"loc":{"start":{"line":212,"column":4},"end":{"line":214,"column":5}},"type":"if","locations":[{"start":{"line":212,"column":4},"end":{"line":214,"column":5}},{"start":{},"end":{}}],"line":212},"24":{"loc":{"start":{"line":215,"column":4},"end":{"line":219,"column":5}},"type":"if","locations":[{"start":{"line":215,"column":4},"end":{"line":219,"column":5}},{"start":{},"end":{}}],"line":215},"25":{"loc":{"start":{"line":223,"column":2},"end":{"line":235,"column":3}},"type":"if","locations":[{"start":{"line":223,"column":2},"end":{"line":235,"column":3}},{"start":{},"end":{}}],"line":223},"26":{"loc":{"start":{"line":224,"column":4},"end":{"line":228,"column":5}},"type":"if","locations":[{"start":{"line":224,"column":4},"end":{"line":228,"column":5}},{"start":{},"end":{}}],"line":224},"27":{"loc":{"start":{"line":229,"column":4},"end":{"line":231,"column":5}},"type":"if","locations":[{"start":{"line":229,"column":4},"end":{"line":231,"column":5}},{"start":{},"end":{}}],"line":229},"28":{"loc":{"start":{"line":232,"column":4},"end":{"line":234,"column":5}},"type":"if","locations":[{"start":{"line":232,"column":4},"end":{"line":234,"column":5}},{"start":{},"end":{}}],"line":232},"29":{"loc":{"start":{"line":237,"column":2},"end":{"line":244,"column":3}},"type":"if","locations":[{"start":{"line":237,"column":2},"end":{"line":244,"column":3}},{"start":{},"end":{}}],"line":237},"30":{"loc":{"start":{"line":238,"column":4},"end":{"line":239,"column":55}},"type":"binary-expr","locations":[{"start":{"line":238,"column":4},"end":{"line":238,"column":36}},{"start":{"line":239,"column":4},"end":{"line":239,"column":55}}],"line":238},"31":{"loc":{"start":{"line":246,"column":2},"end":{"line":253,"column":3}},"type":"if","locations":[{"start":{"line":246,"column":2},"end":{"line":253,"column":3}},{"start":{},"end":{}}],"line":246},"32":{"loc":{"start":{"line":247,"column":4},"end":{"line":248,"column":63}},"type":"binary-expr","locations":[{"start":{"line":247,"column":4},"end":{"line":247,"column":44}},{"start":{"line":248,"column":4},"end":{"line":248,"column":63}}],"line":247},"33":{"loc":{"start":{"line":256,"column":2},"end":{"line":263,"column":3}},"type":"if","locations":[{"start":{"line":256,"column":2},"end":{"line":263,"column":3}},{"start":{},"end":{}}],"line":256},"34":{"loc":{"start":{"line":257,"column":4},"end":{"line":262,"column":5}},"type":"if","locations":[{"start":{"line":257,"column":4},"end":{"line":262,"column":5}},{"start":{},"end":{}}],"line":257},"35":{"loc":{"start":{"line":265,"column":2},"end":{"line":278,"column":3}},"type":"if","locations":[{"start":{"line":265,"column":2},"end":{"line":278,"column":3}},{"start":{},"end":{}}],"line":265},"36":{"loc":{"start":{"line":266,"column":4},"end":{"line":271,"column":5}},"type":"if","locations":[{"start":{"line":266,"column":4},"end":{"line":271,"column":5}},{"start":{},"end":{}}],"line":266},"37":{"loc":{"start":{"line":272,"column":4},"end":{"line":277,"column":5}},"type":"if","locations":[{"start":{"line":272,"column":4},"end":{"line":277,"column":5}},{"start":{},"end":{}}],"line":272},"38":{"loc":{"start":{"line":281,"column":2},"end":{"line":292,"column":3}},"type":"if","locations":[{"start":{"line":281,"column":2},"end":{"line":292,"column":3}},{"start":{},"end":{}}],"line":281},"39":{"loc":{"start":{"line":282,"column":4},"end":{"line":286,"column":5}},"type":"if","locations":[{"start":{"line":282,"column":4},"end":{"line":286,"column":5}},{"start":{},"end":{}}],"line":282},"40":{"loc":{"start":{"line":284,"column":8},"end":{"line":285,"column":34}},"type":"binary-expr","locations":[{"start":{"line":284,"column":8},"end":{"line":284,"column":62}},{"start":{"line":285,"column":8},"end":{"line":285,"column":34}}],"line":284},"41":{"loc":{"start":{"line":287,"column":4},"end":{"line":291,"column":5}},"type":"if","locations":[{"start":{"line":287,"column":4},"end":{"line":291,"column":5}},{"start":{},"end":{}}],"line":287},"42":{"loc":{"start":{"line":289,"column":8},"end":{"line":290,"column":30}},"type":"binary-expr","locations":[{"start":{"line":289,"column":8},"end":{"line":289,"column":58}},{"start":{"line":290,"column":8},"end":{"line":290,"column":30}}],"line":289},"43":{"loc":{"start":{"line":304,"column":2},"end":{"line":309,"column":3}},"type":"if","locations":[{"start":{"line":304,"column":2},"end":{"line":309,"column":3}},{"start":{},"end":{}}],"line":304},"44":{"loc":{"start":{"line":306,"column":4},"end":{"line":308,"column":5}},"type":"if","locations":[{"start":{"line":306,"column":4},"end":{"line":308,"column":5}},{"start":{},"end":{}}],"line":306},"45":{"loc":{"start":{"line":306,"column":8},"end":{"line":306,"column":47}},"type":"binary-expr","locations":[{"start":{"line":306,"column":8},"end":{"line":306,"column":19}},{"start":{"line":306,"column":23},"end":{"line":306,"column":31}},{"start":{"line":306,"column":35},"end":{"line":306,"column":47}}],"line":306},"46":{"loc":{"start":{"line":312,"column":2},"end":{"line":319,"column":3}},"type":"if","locations":[{"start":{"line":312,"column":2},"end":{"line":319,"column":3}},{"start":{},"end":{}}],"line":312},"47":{"loc":{"start":{"line":314,"column":4},"end":{"line":318,"column":5}},"type":"if","locations":[{"start":{"line":314,"column":4},"end":{"line":318,"column":5}},{"start":{},"end":{}}],"line":314},"48":{"loc":{"start":{"line":314,"column":8},"end":{"line":314,"column":41}},"type":"binary-expr","locations":[{"start":{"line":314,"column":8},"end":{"line":314,"column":24}},{"start":{"line":314,"column":28},"end":{"line":314,"column":41}}],"line":314},"49":{"loc":{"start":{"line":321,"column":2},"end":{"line":328,"column":3}},"type":"if","locations":[{"start":{"line":321,"column":2},"end":{"line":328,"column":3}},{"start":{},"end":{}}],"line":321},"50":{"loc":{"start":{"line":323,"column":4},"end":{"line":327,"column":5}},"type":"if","locations":[{"start":{"line":323,"column":4},"end":{"line":327,"column":5}},{"start":{},"end":{}}],"line":323},"51":{"loc":{"start":{"line":323,"column":8},"end":{"line":323,"column":41}},"type":"binary-expr","locations":[{"start":{"line":323,"column":8},"end":{"line":323,"column":24}},{"start":{"line":323,"column":28},"end":{"line":323,"column":41}}],"line":323},"52":{"loc":{"start":{"line":339,"column":33},"end":{"line":339,"column":45}},"type":"default-arg","locations":[{"start":{"line":339,"column":43},"end":{"line":339,"column":45}}],"line":339},"53":{"loc":{"start":{"line":344,"column":25},"end":{"line":344,"column":63}},"type":"binary-expr","locations":[{"start":{"line":344,"column":25},"end":{"line":344,"column":43}},{"start":{"line":344,"column":47},"end":{"line":344,"column":63}}],"line":344},"54":{"loc":{"start":{"line":346,"column":2},"end":{"line":349,"column":3}},"type":"if","locations":[{"start":{"line":346,"column":2},"end":{"line":349,"column":3}},{"start":{},"end":{}}],"line":346},"55":{"loc":{"start":{"line":370,"column":45},"end":{"line":370,"column":69}},"type":"default-arg","locations":[{"start":{"line":370,"column":60},"end":{"line":370,"column":69}}],"line":370},"56":{"loc":{"start":{"line":375,"column":4},"end":{"line":379,"column":5}},"type":"if","locations":[{"start":{"line":375,"column":4},"end":{"line":379,"column":5}},{"start":{"line":377,"column":11},"end":{"line":379,"column":5}}],"line":375},"57":{"loc":{"start":{"line":375,"column":8},"end":{"line":375,"column":58}},"type":"binary-expr","locations":[{"start":{"line":375,"column":8},"end":{"line":375,"column":13}},{"start":{"line":375,"column":17},"end":{"line":375,"column":42}},{"start":{"line":375,"column":46},"end":{"line":375,"column":58}}],"line":375}},"s":{"0":1,"1":1,"2":1,"3":3,"4":0,"5":3,"6":0,"7":3,"8":3,"9":1,"10":9,"11":0,"12":9,"13":8,"14":1,"15":1,"16":1,"17":0,"18":1,"19":1,"20":0,"21":1,"22":0,"23":0,"24":0,"25":0,"26":0,"27":0,"28":0,"29":0,"30":0,"31":0,"32":0,"33":0,"34":0,"35":0,"36":1,"37":3,"38":3,"39":3,"40":18,"41":18,"42":0,"43":3,"44":1,"45":3,"46":1,"47":6,"48":6,"49":5,"50":0,"51":5,"52":3,"53":2,"54":6,"55":1,"56":3,"57":3,"58":3,"59":0,"60":3,"61":0,"62":3,"63":3,"64":0,"65":3,"66":0,"67":3,"68":3,"69":3,"70":0,"71":3,"72":0,"73":3,"74":3,"75":3,"76":3,"77":3,"78":3,"79":3,"80":3,"81":3,"82":3,"83":3,"84":3,"85":3,"86":3,"87":1,"88":3,"89":3,"90":3,"91":0,"92":3,"93":3,"94":3,"95":0,"96":3,"97":3,"98":3,"99":0,"100":1,"101":3,"102":3,"103":3,"104":0,"105":0,"106":3,"107":3,"108":3,"109":3,"110":1,"111":2,"112":2,"113":2,"114":5,"115":4,"116":1,"117":1},"f":{"0":3,"1":3,"2":9,"3":0,"4":3,"5":3,"6":6,"7":3,"8":3,"9":3,"10":2},"b":{"0":[0,3],"1":[0,3],"2":[0,9],"3":[9,9],"4":[8,1],"5":[1,0],"6":[0,1],"7":[1,1],"8":[1,0],"9":[1,0],"10":[0,0],"11":[0,0],"12":[0,0],"13":[0,0],"14":[0,0],"15":[0,0],"16":[0,18],"17":[0,5],"18":[5,5],"19":[3,2],"20":[5,3,3],"21":[3,0],"22":[3,0],"23":[0,3],"24":[0,3],"25":[3,0],"26":[0,3],"27":[0,3],"28":[3,0],"29":[0,3],"30":[3,3],"31":[0,3],"32":[3,3],"33":[3,0],"34":[3,0],"35":[3,0],"36":[3,0],"37":[3,0],"38":[3,0],"39":[3,0],"40":[3,0],"41":[3,0],"42":[3,0],"43":[3,0],"44":[0,3],"45":[3,3,3],"46":[3,0],"47":[0,3],"48":[3,3],"49":[3,0],"50":[0,3],"51":[3,3],"52":[1],"53":[3,3],"54":[0,3],"55":[1],"56":[4,1],"57":[5,5,5]},"inputSourceMap":null,"_coverageSchema":"1a1c01bbd47fc00a2c39e90264f33305004495a9","hash":"c5cd28ba5a674356284576d04e422b807c8c4431"}
,"/Users/vivekkodira/work/pratishthan/snapshot-testing/cli/index.js": {"path":"/Users/vivekkodira/work/pratishthan/snapshot-testing/cli/index.js","statementMap":{"0":{"start":{"line":17,"column":12},"end":{"line":35,"column":4}},"1":{"start":{"line":28,"column":4},"end":{"line":31,"column":5}},"2":{"start":{"line":29,"column":6},"end":{"line":29,"column":54}},"3":{"start":{"line":30,"column":6},"end":{"line":30,"column":22}},"4":{"start":{"line":32,"column":4},"end":{"line":32,"column":34}},"5":{"start":{"line":33,"column":4},"end":{"line":33,"column":39}},"6":{"start":{"line":34,"column":4},"end":{"line":34,"column":20}},"7":{"start":{"line":38,"column":0},"end":{"line":38,"column":16}},"8":{"start":{"line":39,"column":0},"end":{"line":39,"column":19}},"9":{"start":{"line":40,"column":0},"end":{"line":40,"column":17}},"10":{"start":{"line":41,"column":0},"end":{"line":41,"column":19}},"11":{"start":{"line":44,"column":0},"end":{"line":44,"column":12}}},"fnMap":{"0":{"name":"(anonymous_0)","decl":{"start":{"line":27,"column":8},"end":{"line":27,"column":9}},"loc":{"start":{"line":27,"column":29},"end":{"line":35,"column":3}},"line":27}},"branchMap":{"0":{"loc":{"start":{"line":28,"column":4},"end":{"line":31,"column":5}},"type":"if","locations":[{"start":{"line":28,"column":4},"end":{"line":31,"column":5}},{"start":{},"end":{}}],"line":28}},"s":{"0":0,"1":0,"2":0,"3":0,"4":0,"5":0,"6":0,"7":0,"8":0,"9":0,"10":0,"11":0},"f":{"0":0},"b":{"0":[0,0]},"inputSourceMap":null}
,"/Users/vivekkodira/work/pratishthan/snapshot-testing/cli/commands/diff.js": {"path":"/Users/vivekkodira/work/pratishthan/snapshot-testing/cli/commands/diff.js","statementMap":{"0":{"start":{"line":18,"column":27},"end":{"line":140,"column":1}},"1":{"start":{"line":19,"column":2},"end":{"line":139,"column":4}},"2":{"start":{"line":23,"column":6},"end":{"line":42,"column":77}},"3":{"start":{"line":45,"column":6},"end":{"line":137,"column":7}},"4":{"start":{"line":46,"column":8},"end":{"line":46,"column":61}},"5":{"start":{"line":48,"column":30},"end":{"line":50,"column":9}},"6":{"start":{"line":52,"column":8},"end":{"line":52,"column":54}},"7":{"start":{"line":52,"column":23},"end":{"line":52,"column":54}},"8":{"start":{"line":53,"column":8},"end":{"line":55,"column":9}},"9":{"start":{"line":54,"column":10},"end":{"line":54,"column":67}},"10":{"start":{"line":57,"column":23},"end":{"line":57,"column":54}},"11":{"start":{"line":59,"column":8},"end":{"line":59,"column":78}},"12":{"start":{"line":60,"column":8},"end":{"line":60,"column":63}},"13":{"start":{"line":63,"column":29},"end":{"line":63,"column":70}},"14":{"start":{"line":65,"column":8},"end":{"line":70,"column":9}},"15":{"start":{"line":66,"column":10},"end":{"line":68,"column":12}},"16":{"start":{"line":69,"column":10},"end":{"line":69,"column":17}},"17":{"start":{"line":72,"column":8},"end":{"line":72,"column":79}},"18":{"start":{"line":75,"column":25},"end":{"line":75,"column":66}},"19":{"start":{"line":77,"column":8},"end":{"line":82,"column":9}},"20":{"start":{"line":78,"column":10},"end":{"line":80,"column":12}},"21":{"start":{"line":81,"column":10},"end":{"line":81,"column":17}},"22":{"start":{"line":84,"column":8},"end":{"line":86,"column":10}},"23":{"start":{"line":87,"column":8},"end":{"line":89,"column":10}},"24":{"start":{"line":90,"column":8},"end":{"line":94,"column":10}},"25":{"start":{"line":97,"column":20},"end":{"line":103,"column":9}},"26":{"start":{"line":105,"column":8},"end":{"line":109,"column":10}},"27":{"start":{"line":112,"column":34},"end":{"line":120,"column":9}},"28":{"start":{"line":122,"column":25},"end":{"line":124,"column":10}},"29":{"start":{"line":123,"column":10},"end":{"line":123,"column":69}},"30":{"start":{"line":123,"column":49},"end":{"line":123,"column":67}},"31":{"start":{"line":126,"column":8},"end":{"line":131,"column":9}},"32":{"start":{"line":127,"column":10},"end":{"line":127,"column":78}},"33":{"start":{"line":129,"column":10},"end":{"line":129,"column":60}},"34":{"start":{"line":130,"column":10},"end":{"line":130,"column":33}},"35":{"start":{"line":133,"column":8},"end":{"line":133,"column":49}},"36":{"start":{"line":135,"column":8},"end":{"line":135,"column":77}},"37":{"start":{"line":136,"column":8},"end":{"line":136,"column":24}}},"fnMap":{"0":{"name":"(anonymous_0)","decl":{"start":{"line":18,"column":27},"end":{"line":18,"column":28}},"loc":{"start":{"line":18,"column":38},"end":{"line":140,"column":1}},"line":18},"1":{"name":"(anonymous_1)","decl":{"start":{"line":22,"column":4},"end":{"line":22,"column":5}},"loc":{"start":{"line":22,"column":15},"end":{"line":43,"column":5}},"line":22},"2":{"name":"(anonymous_2)","decl":{"start":{"line":44,"column":4},"end":{"line":44,"column":5}},"loc":{"start":{"line":44,"column":20},"end":{"line":138,"column":5}},"line":44},"3":{"name":"(anonymous_3)","decl":{"start":{"line":122,"column":43},"end":{"line":122,"column":44}},"loc":{"start":{"line":122,"column":56},"end":{"line":124,"column":9}},"line":122},"4":{"name":"(anonymous_4)","decl":{"start":{"line":123,"column":39},"end":{"line":123,"column":40}},"loc":{"start":{"line":123,"column":49},"end":{"line":123,"column":67}},"line":123}},"branchMap":{"0":{"loc":{"start":{"line":52,"column":8},"end":{"line":52,"column":54}},"type":"if","locations":[{"start":{"line":52,"column":8},"end":{"line":52,"column":54}},{"start":{},"end":{}}],"line":52},"1":{"loc":{"start":{"line":53,"column":8},"end":{"line":55,"column":9}},"type":"if","locations":[{"start":{"line":53,"column":8},"end":{"line":55,"column":9}},{"start":{},"end":{}}],"line":53},"2":{"loc":{"start":{"line":65,"column":8},"end":{"line":70,"column":9}},"type":"if","locations":[{"start":{"line":65,"column":8},"end":{"line":70,"column":9}},{"start":{},"end":{}}],"line":65},"3":{"loc":{"start":{"line":77,"column":8},"end":{"line":82,"column":9}},"type":"if","locations":[{"start":{"line":77,"column":8},"end":{"line":82,"column":9}},{"start":{},"end":{}}],"line":77},"4":{"loc":{"start":{"line":123,"column":57},"end":{"line":123,"column":66}},"type":"binary-expr","locations":[{"start":{"line":123,"column":57},"end":{"line":123,"column":61}},{"start":{"line":123,"column":65},"end":{"line":123,"column":66}}],"line":123},"5":{"loc":{"start":{"line":126,"column":8},"end":{"line":131,"column":9}},"type":"if","locations":[{"start":{"line":126,"column":8},"end":{"line":131,"column":9}},{"start":{"line":128,"column":15},"end":{"line":131,"column":9}}],"line":126}},"s":{"0":0,"1":0,"2":0,"3":0,"4":0,"5":0,"6":0,"7":0,"8":0,"9":0,"10":0,"11":0,"12":0,"13":0,"14":0,"15":0,"16":0,"17":0,"18":0,"19":0,"20":0,"21":0,"22":0,"23":0,"24":0,"25":0,"26":0,"27":0,"28":0,"29":0,"30":0,"31":0,"32":0,"33":0,"34":0,"35":0,"36":0,"37":0},"f":{"0":0,"1":0,"2":0,"3":0,"4":0},"b":{"0":[0,0],"1":[0,0],"2":[0,0],"3":[0,0],"4":[0,0],"5":[0,0]},"inputSourceMap":null}
,"/Users/vivekkodira/work/pratishthan/snapshot-testing/cli/commands/report.js": {"path":"/Users/vivekkodira/work/pratishthan/snapshot-testing/cli/commands/report.js","statementMap":{"0":{"start":{"line":21,"column":29},"end":{"line":153,"column":1}},"1":{"start":{"line":22,"column":2},"end":{"line":152,"column":4}},"2":{"start":{"line":26,"column":6},"end":{"line":53,"column":77}},"3":{"start":{"line":56,"column":6},"end":{"line":150,"column":7}},"4":{"start":{"line":57,"column":23},"end":{"line":57,"column":68}},"5":{"start":{"line":58,"column":24},"end":{"line":58,"column":70}},"6":{"start":{"line":61,"column":8},"end":{"line":104,"column":9}},"7":{"start":{"line":62,"column":10},"end":{"line":62,"column":64}},"8":{"start":{"line":65,"column":27},"end":{"line":67,"column":11}},"9":{"start":{"line":68,"column":25},"end":{"line":70,"column":11}},"10":{"start":{"line":71,"column":26},"end":{"line":73,"column":11}},"11":{"start":{"line":74,"column":26},"end":{"line":76,"column":11}},"12":{"start":{"line":78,"column":26},"end":{"line":85,"column":11}},"13":{"start":{"line":87,"column":10},"end":{"line":94,"column":11}},"14":{"start":{"line":88,"column":29},"end":{"line":88,"column":70}},"15":{"start":{"line":89,"column":12},"end":{"line":93,"column":13}},"16":{"start":{"line":90,"column":14},"end":{"line":90,"column":79}},"17":{"start":{"line":92,"column":14},"end":{"line":92,"column":69}},"18":{"start":{"line":96,"column":10},"end":{"line":101,"column":11}},"19":{"start":{"line":97,"column":29},"end":{"line":97,"column":70}},"20":{"start":{"line":98,"column":12},"end":{"line":100,"column":13}},"21":{"start":{"line":99,"column":14},"end":{"line":99,"column":79}},"22":{"start":{"line":103,"column":10},"end":{"line":103,"column":26}},"23":{"start":{"line":107,"column":8},"end":{"line":143,"column":9}},"24":{"start":{"line":110,"column":10},"end":{"line":117,"column":11}},"25":{"start":{"line":111,"column":12},"end":{"line":114,"column":14}},"26":{"start":{"line":115,"column":17},"end":{"line":117,"column":11}},"27":{"start":{"line":116,"column":12},"end":{"line":116,"column":72}},"28":{"start":{"line":119,"column":10},"end":{"line":142,"column":11}},"29":{"start":{"line":120,"column":12},"end":{"line":120,"column":74}},"30":{"start":{"line":123,"column":14},"end":{"line":127,"column":30}},"31":{"start":{"line":129,"column":12},"end":{"line":132,"column":23}},"32":{"start":{"line":134,"column":12},"end":{"line":134,"column":79}},"33":{"start":{"line":136,"column":12},"end":{"line":136,"column":77}},"34":{"start":{"line":137,"column":12},"end":{"line":141,"column":14}},"35":{"start":{"line":145,"column":8},"end":{"line":148,"column":10}},"36":{"start":{"line":149,"column":8},"end":{"line":149,"column":24}}},"fnMap":{"0":{"name":"(anonymous_0)","decl":{"start":{"line":21,"column":29},"end":{"line":21,"column":30}},"loc":{"start":{"line":21,"column":40},"end":{"line":153,"column":1}},"line":21},"1":{"name":"(anonymous_1)","decl":{"start":{"line":25,"column":4},"end":{"line":25,"column":5}},"loc":{"start":{"line":25,"column":15},"end":{"line":54,"column":5}},"line":25},"2":{"name":"(anonymous_2)","decl":{"start":{"line":55,"column":4},"end":{"line":55,"column":5}},"loc":{"start":{"line":55,"column":20},"end":{"line":151,"column":5}},"line":55}},"branchMap":{"0":{"loc":{"start":{"line":61,"column":8},"end":{"line":104,"column":9}},"type":"if","locations":[{"start":{"line":61,"column":8},"end":{"line":104,"column":9}},{"start":{},"end":{}}],"line":61},"1":{"loc":{"start":{"line":87,"column":10},"end":{"line":94,"column":11}},"type":"if","locations":[{"start":{"line":87,"column":10},"end":{"line":94,"column":11}},{"start":{},"end":{}}],"line":87},"2":{"loc":{"start":{"line":87,"column":14},"end":{"line":87,"column":62}},"type":"binary-expr","locations":[{"start":{"line":87,"column":14},"end":{"line":87,"column":36}},{"start":{"line":87,"column":40},"end":{"line":87,"column":62}}],"line":87},"3":{"loc":{"start":{"line":89,"column":12},"end":{"line":93,"column":13}},"type":"if","locations":[{"start":{"line":89,"column":12},"end":{"line":93,"column":13}},{"start":{"line":91,"column":19},"end":{"line":93,"column":13}}],"line":89},"4":{"loc":{"start":{"line":96,"column":10},"end":{"line":101,"column":11}},"type":"if","locations":[{"start":{"line":96,"column":10},"end":{"line":101,"column":11}},{"start":{},"end":{}}],"line":96},"5":{"loc":{"start":{"line":96,"column":14},"end":{"line":96,"column":62}},"type":"binary-expr","locations":[{"start":{"line":96,"column":14},"end":{"line":96,"column":36}},{"start":{"line":96,"column":40},"end":{"line":96,"column":62}}],"line":96},"6":{"loc":{"start":{"line":98,"column":12},"end":{"line":100,"column":13}},"type":"if","locations":[{"start":{"line":98,"column":12},"end":{"line":100,"column":13}},{"start":{},"end":{}}],"line":98},"7":{"loc":{"start":{"line":107,"column":8},"end":{"line":143,"column":9}},"type":"if","locations":[{"start":{"line":107,"column":8},"end":{"line":143,"column":9}},{"start":{},"end":{}}],"line":107},"8":{"loc":{"start":{"line":110,"column":10},"end":{"line":117,"column":11}},"type":"if","locations":[{"start":{"line":110,"column":10},"end":{"line":117,"column":11}},{"start":{"line":115,"column":17},"end":{"line":117,"column":11}}],"line":110},"9":{"loc":{"start":{"line":115,"column":17},"end":{"line":117,"column":11}},"type":"if","locations":[{"start":{"line":115,"column":17},"end":{"line":117,"column":11}},{"start":{},"end":{}}],"line":115},"10":{"loc":{"start":{"line":119,"column":10},"end":{"line":142,"column":11}},"type":"if","locations":[{"start":{"line":119,"column":10},"end":{"line":142,"column":11}},{"start":{"line":135,"column":17},"end":{"line":142,"column":11}}],"line":119},"11":{"loc":{"start":{"line":119,"column":14},"end":{"line":119,"column":53}},"type":"binary-expr","locations":[{"start":{"line":119,"column":14},"end":{"line":119,"column":24}},{"start":{"line":119,"column":28},"end":{"line":119,"column":53}}],"line":119},"12":{"loc":{"start":{"line":123,"column":14},"end":{"line":127,"column":30}},"type":"cond-expr","locations":[{"start":{"line":124,"column":18},"end":{"line":124,"column":24}},{"start":{"line":125,"column":18},"end":{"line":127,"column":30}}],"line":123},"13":{"loc":{"start":{"line":125,"column":18},"end":{"line":127,"column":30}},"type":"cond-expr","locations":[{"start":{"line":126,"column":20},"end":{"line":126,"column":27}},{"start":{"line":127,"column":20},"end":{"line":127,"column":30}}],"line":125}},"s":{"0":0,"1":0,"2":0,"3":0,"4":0,"5":0,"6":0,"7":0,"8":0,"9":0,"10":0,"11":0,"12":0,"13":0,"14":0,"15":0,"16":0,"17":0,"18":0,"19":0,"20":0,"21":0,"22":0,"23":0,"24":0,"25":0,"26":0,"27":0,"28":0,"29":0,"30":0,"31":0,"32":0,"33":0,"34":0,"35":0,"36":0},"f":{"0":0,"1":0,"2":0},"b":{"0":[0,0],"1":[0,0],"2":[0,0],"3":[0,0],"4":[0,0],"5":[0,0],"6":[0,0],"7":[0,0],"8":[0,0],"9":[0,0],"10":[0,0],"11":[0,0],"12":[0,0],"13":[0,0]},"inputSourceMap":null}
,"/Users/vivekkodira/work/pratishthan/snapshot-testing/cli/commands/run.js": {"path":"/Users/vivekkodira/work/pratishthan/snapshot-testing/cli/commands/run.js","statementMap":{"0":{"start":{"line":17,"column":26},"end":{"line":235,"column":1}},"1":{"start":{"line":18,"column":2},"end":{"line":234,"column":4}},"2":{"start":{"line":22,"column":6},"end":{"line":74,"column":8}},"3":{"start":{"line":77,"column":6},"end":{"line":232,"column":7}},"4":{"start":{"line":78,"column":8},"end":{"line":78,"column":64}},"5":{"start":{"line":81,"column":30},"end":{"line":83,"column":9}},"6":{"start":{"line":85,"column":8},"end":{"line":85,"column":54}},"7":{"start":{"line":85,"column":23},"end":{"line":85,"column":54}},"8":{"start":{"line":86,"column":8},"end":{"line":88,"column":9}},"9":{"start":{"line":87,"column":10},"end":{"line":87,"column":65}},"10":{"start":{"line":89,"column":8},"end":{"line":92,"column":9}},"11":{"start":{"line":90,"column":10},"end":{"line":90,"column":66}},"12":{"start":{"line":91,"column":10},"end":{"line":91,"column":60}},"13":{"start":{"line":93,"column":8},"end":{"line":95,"column":9}},"14":{"start":{"line":94,"column":10},"end":{"line":94,"column":73}},"15":{"start":{"line":96,"column":8},"end":{"line":99,"column":9}},"16":{"start":{"line":97,"column":10},"end":{"line":97,"column":62}},"17":{"start":{"line":98,"column":10},"end":{"line":98,"column":76}},"18":{"start":{"line":100,"column":8},"end":{"line":103,"column":9}},"19":{"start":{"line":101,"column":10},"end":{"line":101,"column":62}},"20":{"start":{"line":102,"column":10},"end":{"line":102,"column":68}},"21":{"start":{"line":105,"column":23},"end":{"line":105,"column":54}},"22":{"start":{"line":107,"column":8},"end":{"line":107,"column":50}},"23":{"start":{"line":108,"column":8},"end":{"line":112,"column":10}},"24":{"start":{"line":113,"column":8},"end":{"line":117,"column":9}},"25":{"start":{"line":114,"column":10},"end":{"line":116,"column":12}},"26":{"start":{"line":118,"column":8},"end":{"line":124,"column":9}},"27":{"start":{"line":119,"column":10},"end":{"line":123,"column":12}},"28":{"start":{"line":127,"column":8},"end":{"line":127,"column":61}},"29":{"start":{"line":128,"column":24},"end":{"line":131,"column":9}},"30":{"start":{"line":132,"column":8},"end":{"line":132,"column":70}},"31":{"start":{"line":134,"column":8},"end":{"line":139,"column":9}},"32":{"start":{"line":135,"column":10},"end":{"line":137,"column":12}},"33":{"start":{"line":138,"column":10},"end":{"line":138,"column":17}},"34":{"start":{"line":142,"column":39},"end":{"line":142,"column":73}},"35":{"start":{"line":145,"column":31},"end":{"line":150,"column":9}},"36":{"start":{"line":152,"column":8},"end":{"line":154,"column":9}},"37":{"start":{"line":153,"column":10},"end":{"line":153,"column":52}},"38":{"start":{"line":157,"column":20},"end":{"line":165,"column":9}},"39":{"start":{"line":168,"column":34},"end":{"line":176,"column":9}},"40":{"start":{"line":178,"column":25},"end":{"line":180,"column":10}},"41":{"start":{"line":179,"column":10},"end":{"line":179,"column":69}},"42":{"start":{"line":179,"column":49},"end":{"line":179,"column":67}},"43":{"start":{"line":183,"column":8},"end":{"line":183,"column":49}},"44":{"start":{"line":186,"column":8},"end":{"line":221,"column":9}},"45":{"start":{"line":188,"column":31},"end":{"line":188,"column":76}},"46":{"start":{"line":190,"column":10},"end":{"line":209,"column":11}},"47":{"start":{"line":191,"column":30},"end":{"line":193,"column":50}},"48":{"start":{"line":195,"column":33},"end":{"line":197,"column":13}},"49":{"start":{"line":196,"column":21},"end":{"line":196,"column":74}},"50":{"start":{"line":199,"column":12},"end":{"line":208,"column":13}},"51":{"start":{"line":204,"column":14},"end":{"line":207,"column":16}},"52":{"start":{"line":211,"column":31},"end":{"line":214,"column":11}},"53":{"start":{"line":216,"column":10},"end":{"line":216,"column":66}},"54":{"start":{"line":218,"column":10},"end":{"line":220,"column":12}},"55":{"start":{"line":223,"column":8},"end":{"line":228,"column":9}},"56":{"start":{"line":224,"column":10},"end":{"line":224,"column":78}},"57":{"start":{"line":226,"column":10},"end":{"line":226,"column":60}},"58":{"start":{"line":227,"column":10},"end":{"line":227,"column":33}},"59":{"start":{"line":230,"column":8},"end":{"line":230,"column":79}},"60":{"start":{"line":231,"column":8},"end":{"line":231,"column":24}}},"fnMap":{"0":{"name":"(anonymous_0)","decl":{"start":{"line":17,"column":26},"end":{"line":17,"column":27}},"loc":{"start":{"line":17,"column":37},"end":{"line":235,"column":1}},"line":17},"1":{"name":"(anonymous_1)","decl":{"start":{"line":21,"column":4},"end":{"line":21,"column":5}},"loc":{"start":{"line":21,"column":15},"end":{"line":75,"column":5}},"line":21},"2":{"name":"(anonymous_2)","decl":{"start":{"line":76,"column":4},"end":{"line":76,"column":5}},"loc":{"start":{"line":76,"column":20},"end":{"line":233,"column":5}},"line":76},"3":{"name":"(anonymous_3)","decl":{"start":{"line":178,"column":43},"end":{"line":178,"column":44}},"loc":{"start":{"line":178,"column":56},"end":{"line":180,"column":9}},"line":178},"4":{"name":"(anonymous_4)","decl":{"start":{"line":179,"column":39},"end":{"line":179,"column":40}},"loc":{"start":{"line":179,"column":49},"end":{"line":179,"column":67}},"line":179},"5":{"name":"(anonymous_5)","decl":{"start":{"line":196,"column":14},"end":{"line":196,"column":15}},"loc":{"start":{"line":196,"column":21},"end":{"line":196,"column":74}},"line":196}},"branchMap":{"0":{"loc":{"start":{"line":85,"column":8},"end":{"line":85,"column":54}},"type":"if","locations":[{"start":{"line":85,"column":8},"end":{"line":85,"column":54}},{"start":{},"end":{}}],"line":85},"1":{"loc":{"start":{"line":86,"column":8},"end":{"line":88,"column":9}},"type":"if","locations":[{"start":{"line":86,"column":8},"end":{"line":88,"column":9}},{"start":{},"end":{}}],"line":86},"2":{"loc":{"start":{"line":89,"column":8},"end":{"line":92,"column":9}},"type":"if","locations":[{"start":{"line":89,"column":8},"end":{"line":92,"column":9}},{"start":{},"end":{}}],"line":89},"3":{"loc":{"start":{"line":90,"column":36},"end":{"line":90,"column":65}},"type":"binary-expr","locations":[{"start":{"line":90,"column":36},"end":{"line":90,"column":59}},{"start":{"line":90,"column":63},"end":{"line":90,"column":65}}],"line":90},"4":{"loc":{"start":{"line":93,"column":8},"end":{"line":95,"column":9}},"type":"if","locations":[{"start":{"line":93,"column":8},"end":{"line":95,"column":9}},{"start":{},"end":{}}],"line":93},"5":{"loc":{"start":{"line":96,"column":8},"end":{"line":99,"column":9}},"type":"if","locations":[{"start":{"line":96,"column":8},"end":{"line":99,"column":9}},{"start":{},"end":{}}],"line":96},"6":{"loc":{"start":{"line":97,"column":34},"end":{"line":97,"column":61}},"type":"binary-expr","locations":[{"start":{"line":97,"column":34},"end":{"line":97,"column":55}},{"start":{"line":97,"column":59},"end":{"line":97,"column":61}}],"line":97},"7":{"loc":{"start":{"line":100,"column":8},"end":{"line":103,"column":9}},"type":"if","locations":[{"start":{"line":100,"column":8},"end":{"line":103,"column":9}},{"start":{},"end":{}}],"line":100},"8":{"loc":{"start":{"line":101,"column":34},"end":{"line":101,"column":61}},"type":"binary-expr","locations":[{"start":{"line":101,"column":34},"end":{"line":101,"column":55}},{"start":{"line":101,"column":59},"end":{"line":101,"column":61}}],"line":101},"9":{"loc":{"start":{"line":113,"column":8},"end":{"line":117,"column":9}},"type":"if","locations":[{"start":{"line":113,"column":8},"end":{"line":117,"column":9}},{"start":{},"end":{}}],"line":113},"10":{"loc":{"start":{"line":118,"column":8},"end":{"line":124,"column":9}},"type":"if","locations":[{"start":{"line":118,"column":8},"end":{"line":124,"column":9}},{"start":{},"end":{}}],"line":118},"11":{"loc":{"start":{"line":134,"column":8},"end":{"line":139,"column":9}},"type":"if","locations":[{"start":{"line":134,"column":8},"end":{"line":139,"column":9}},{"start":{},"end":{}}],"line":134},"12":{"loc":{"start":{"line":152,"column":8},"end":{"line":154,"column":9}},"type":"if","locations":[{"start":{"line":152,"column":8},"end":{"line":154,"column":9}},{"start":{},"end":{}}],"line":152},"13":{"loc":{"start":{"line":179,"column":57},"end":{"line":179,"column":66}},"type":"binary-expr","locations":[{"start":{"line":179,"column":57},"end":{"line":179,"column":61}},{"start":{"line":179,"column":65},"end":{"line":179,"column":66}}],"line":179},"14":{"loc":{"start":{"line":190,"column":10},"end":{"line":209,"column":11}},"type":"if","locations":[{"start":{"line":190,"column":10},"end":{"line":209,"column":11}},{"start":{},"end":{}}],"line":190},"15":{"loc":{"start":{"line":191,"column":30},"end":{"line":193,"column":50}},"type":"cond-expr","locations":[{"start":{"line":192,"column":16},"end":{"line":192,"column":48}},{"start":{"line":193,"column":16},"end":{"line":193,"column":50}}],"line":191},"16":{"loc":{"start":{"line":196,"column":21},"end":{"line":196,"column":74}},"type":"binary-expr","locations":[{"start":{"line":196,"column":22},"end":{"line":196,"column":38}},{"start":{"line":196,"column":42},"end":{"line":196,"column":57}},{"start":{"line":196,"column":62},"end":{"line":196,"column":74}}],"line":196},"17":{"loc":{"start":{"line":199,"column":12},"end":{"line":208,"column":13}},"type":"if","locations":[{"start":{"line":199,"column":12},"end":{"line":208,"column":13}},{"start":{},"end":{}}],"line":199},"18":{"loc":{"start":{"line":200,"column":14},"end":{"line":202,"column":41}},"type":"binary-expr","locations":[{"start":{"line":200,"column":14},"end":{"line":200,"column":26}},{"start":{"line":201,"column":14},"end":{"line":201,"column":41}},{"start":{"line":202,"column":14},"end":{"line":202,"column":41}}],"line":200},"19":{"loc":{"start":{"line":213,"column":12},"end":{"line":213,"column":74}},"type":"binary-expr","locations":[{"start":{"line":213,"column":12},"end":{"line":213,"column":37}},{"start":{"line":213,"column":41},"end":{"line":213,"column":74}}],"line":213},"20":{"loc":{"start":{"line":223,"column":8},"end":{"line":228,"column":9}},"type":"if","locations":[{"start":{"line":223,"column":8},"end":{"line":228,"column":9}},{"start":{"line":225,"column":15},"end":{"line":228,"column":9}}],"line":223}},"s":{"0":0,"1":0,"2":0,"3":0,"4":0,"5":0,"6":0,"7":0,"8":0,"9":0,"10":0,"11":0,"12":0,"13":0,"14":0,"15":0,"16":0,"17":0,"18":0,"19":0,"20":0,"21":0,"22":0,"23":0,"24":0,"25":0,"26":0,"27":0,"28":0,"29":0,"30":0,"31":0,"32":0,"33":0,"34":0,"35":0,"36":0,"37":0,"38":0,"39":0,"40":0,"41":0,"42":0,"43":0,"44":0,"45":0,"46":0,"47":0,"48":0,"49":0,"50":0,"51":0,"52":0,"53":0,"54":0,"55":0,"56":0,"57":0,"58":0,"59":0,"60":0},"f":{"0":0,"1":0,"2":0,"3":0,"4":0,"5":0},"b":{"0":[0,0],"1":[0,0],"2":[0,0],"3":[0,0],"4":[0,0],"5":[0,0],"6":[0,0],"7":[0,0],"8":[0,0],"9":[0,0],"10":[0,0],"11":[0,0],"12":[0,0],"13":[0,0],"14":[0,0],"15":[0,0],"16":[0,0,0],"17":[0,0],"18":[0,0,0],"19":[0,0],"20":[0,0]},"inputSourceMap":null}
,"/Users/vivekkodira/work/pratishthan/snapshot-testing/cli/commands/update.js": {"path":"/Users/vivekkodira/work/pratishthan/snapshot-testing/cli/commands/update.js","statementMap":{"0":{"start":{"line":21,"column":29},"end":{"line":215,"column":1}},"1":{"start":{"line":22,"column":2},"end":{"line":214,"column":4}},"2":{"start":{"line":26,"column":6},"end":{"line":56,"column":10}},"3":{"start":{"line":59,"column":6},"end":{"line":212,"column":7}},"4":{"start":{"line":60,"column":8},"end":{"line":60,"column":74}},"5":{"start":{"line":62,"column":23},"end":{"line":62,"column":68}},"6":{"start":{"line":64,"column":23},"end":{"line":64,"column":25}},"7":{"start":{"line":67,"column":8},"end":{"line":110,"column":9}},"8":{"start":{"line":68,"column":31},"end":{"line":72,"column":11}},"9":{"start":{"line":73,"column":27},"end":{"line":73,"column":68}},"10":{"start":{"line":75,"column":10},"end":{"line":78,"column":11}},"11":{"start":{"line":76,"column":12},"end":{"line":76,"column":79}},"12":{"start":{"line":77,"column":12},"end":{"line":77,"column":19}},"13":{"start":{"line":80,"column":26},"end":{"line":86,"column":12}},"14":{"start":{"line":81,"column":12},"end":{"line":85,"column":14}},"15":{"start":{"line":88,"column":38},"end":{"line":96,"column":12}},"16":{"start":{"line":94,"column":14},"end":{"line":94,"column":37}},"17":{"start":{"line":98,"column":10},"end":{"line":98,"column":50}},"18":{"start":{"line":100,"column":10},"end":{"line":103,"column":11}},"19":{"start":{"line":101,"column":12},"end":{"line":101,"column":71}},"20":{"start":{"line":102,"column":12},"end":{"line":102,"column":19}},"21":{"start":{"line":105,"column":10},"end":{"line":107,"column":12}},"22":{"start":{"line":108,"column":15},"end":{"line":110,"column":9}},"23":{"start":{"line":109,"column":10},"end":{"line":109,"column":69}},"24":{"start":{"line":109,"column":58},"end":{"line":109,"column":67}},"25":{"start":{"line":112,"column":8},"end":{"line":115,"column":9}},"26":{"start":{"line":113,"column":10},"end":{"line":113,"column":48}},"27":{"start":{"line":114,"column":10},"end":{"line":114,"column":45}},"28":{"start":{"line":118,"column":8},"end":{"line":118,"column":61}},"29":{"start":{"line":124,"column":39},"end":{"line":124,"column":57}},"30":{"start":{"line":125,"column":22},"end":{"line":125,"column":85}},"31":{"start":{"line":127,"column":8},"end":{"line":152,"column":9}},"32":{"start":{"line":128,"column":11},"end":{"line":128,"column":98}},"33":{"start":{"line":129,"column":31},"end":{"line":129,"column":82}},"34":{"start":{"line":131,"column":11},"end":{"line":146,"column":14}},"35":{"start":{"line":132,"column":30},"end":{"line":132,"column":60}},"36":{"start":{"line":133,"column":31},"end":{"line":133,"column":72}},"37":{"start":{"line":134,"column":30},"end":{"line":134,"column":82}},"38":{"start":{"line":138,"column":34},"end":{"line":138,"column":75}},"39":{"start":{"line":139,"column":37},"end":{"line":139,"column":81}},"40":{"start":{"line":141,"column":34},"end":{"line":141,"column":75}},"41":{"start":{"line":142,"column":33},"end":{"line":142,"column":76}},"42":{"start":{"line":145,"column":13},"end":{"line":145,"column":48}},"43":{"start":{"line":148,"column":11},"end":{"line":151,"column":12}},"44":{"start":{"line":149,"column":13},"end":{"line":149,"column":90}},"45":{"start":{"line":150,"column":13},"end":{"line":150,"column":20}},"46":{"start":{"line":154,"column":8},"end":{"line":154,"column":80}},"47":{"start":{"line":157,"column":39},"end":{"line":157,"column":73}},"48":{"start":{"line":160,"column":31},"end":{"line":166,"column":9}},"49":{"start":{"line":169,"column":20},"end":{"line":173,"column":9}},"50":{"start":{"line":175,"column":8},"end":{"line":177,"column":9}},"51":{"start":{"line":176,"column":10},"end":{"line":176,"column":44}},"52":{"start":{"line":179,"column":8},"end":{"line":184,"column":9}},"53":{"start":{"line":180,"column":10},"end":{"line":180,"column":45}},"54":{"start":{"line":181,"column":10},"end":{"line":183,"column":12}},"55":{"start":{"line":187,"column":34},"end":{"line":195,"column":9}},"56":{"start":{"line":197,"column":25},"end":{"line":199,"column":10}},"57":{"start":{"line":198,"column":10},"end":{"line":198,"column":69}},"58":{"start":{"line":198,"column":49},"end":{"line":198,"column":67}},"59":{"start":{"line":201,"column":8},"end":{"line":206,"column":9}},"60":{"start":{"line":202,"column":10},"end":{"line":202,"column":73}},"61":{"start":{"line":204,"column":10},"end":{"line":204,"column":63}},"62":{"start":{"line":205,"column":10},"end":{"line":205,"column":33}},"63":{"start":{"line":208,"column":8},"end":{"line":208,"column":49}},"64":{"start":{"line":210,"column":8},"end":{"line":210,"column":77}},"65":{"start":{"line":211,"column":8},"end":{"line":211,"column":24}}},"fnMap":{"0":{"name":"(anonymous_0)","decl":{"start":{"line":21,"column":29},"end":{"line":21,"column":30}},"loc":{"start":{"line":21,"column":40},"end":{"line":215,"column":1}},"line":21},"1":{"name":"(anonymous_1)","decl":{"start":{"line":25,"column":4},"end":{"line":25,"column":5}},"loc":{"start":{"line":25,"column":15},"end":{"line":57,"column":5}},"line":25},"2":{"name":"(anonymous_2)","decl":{"start":{"line":58,"column":4},"end":{"line":58,"column":5}},"loc":{"start":{"line":58,"column":20},"end":{"line":213,"column":5}},"line":58},"3":{"name":"(anonymous_3)","decl":{"start":{"line":80,"column":39},"end":{"line":80,"column":40}},"loc":{"start":{"line":80,"column":46},"end":{"line":86,"column":11}},"line":80},"4":{"name":"(anonymous_4)","decl":{"start":{"line":93,"column":12},"end":{"line":93,"column":13}},"loc":{"start":{"line":93,"column":26},"end":{"line":95,"column":13}},"line":93},"5":{"name":"(anonymous_5)","decl":{"start":{"line":109,"column":50},"end":{"line":109,"column":51}},"loc":{"start":{"line":109,"column":58},"end":{"line":109,"column":67}},"line":109},"6":{"name":"(anonymous_6)","decl":{"start":{"line":131,"column":36},"end":{"line":131,"column":37}},"loc":{"start":{"line":131,"column":45},"end":{"line":146,"column":12}},"line":131},"7":{"name":"(anonymous_7)","decl":{"start":{"line":197,"column":43},"end":{"line":197,"column":44}},"loc":{"start":{"line":197,"column":56},"end":{"line":199,"column":9}},"line":197},"8":{"name":"(anonymous_8)","decl":{"start":{"line":198,"column":39},"end":{"line":198,"column":40}},"loc":{"start":{"line":198,"column":49},"end":{"line":198,"column":67}},"line":198}},"branchMap":{"0":{"loc":{"start":{"line":67,"column":8},"end":{"line":110,"column":9}},"type":"if","locations":[{"start":{"line":67,"column":8},"end":{"line":110,"column":9}},{"start":{"line":108,"column":15},"end":{"line":110,"column":9}}],"line":67},"1":{"loc":{"start":{"line":75,"column":10},"end":{"line":78,"column":11}},"type":"if","locations":[{"start":{"line":75,"column":10},"end":{"line":78,"column":11}},{"start":{},"end":{}}],"line":75},"2":{"loc":{"start":{"line":100,"column":10},"end":{"line":103,"column":11}},"type":"if","locations":[{"start":{"line":100,"column":10},"end":{"line":103,"column":11}},{"start":{},"end":{}}],"line":100},"3":{"loc":{"start":{"line":108,"column":15},"end":{"line":110,"column":9}},"type":"if","locations":[{"start":{"line":108,"column":15},"end":{"line":110,"column":9}},{"start":{},"end":{}}],"line":108},"4":{"loc":{"start":{"line":112,"column":8},"end":{"line":115,"column":9}},"type":"if","locations":[{"start":{"line":112,"column":8},"end":{"line":115,"column":9}},{"start":{},"end":{}}],"line":112},"5":{"loc":{"start":{"line":113,"column":27},"end":{"line":113,"column":47}},"type":"binary-expr","locations":[{"start":{"line":113,"column":27},"end":{"line":113,"column":41}},{"start":{"line":113,"column":45},"end":{"line":113,"column":47}}],"line":113},"6":{"loc":{"start":{"line":127,"column":8},"end":{"line":152,"column":9}},"type":"if","locations":[{"start":{"line":127,"column":8},"end":{"line":152,"column":9}},{"start":{},"end":{}}],"line":127},"7":{"loc":{"start":{"line":141,"column":34},"end":{"line":141,"column":75}},"type":"binary-expr","locations":[{"start":{"line":141,"column":34},"end":{"line":141,"column":46}},{"start":{"line":141,"column":50},"end":{"line":141,"column":75}}],"line":141},"8":{"loc":{"start":{"line":142,"column":33},"end":{"line":142,"column":76}},"type":"binary-expr","locations":[{"start":{"line":142,"column":33},"end":{"line":142,"column":48}},{"start":{"line":142,"column":52},"end":{"line":142,"column":76}}],"line":142},"9":{"loc":{"start":{"line":145,"column":20},"end":{"line":145,"column":47}},"type":"binary-expr","locations":[{"start":{"line":145,"column":20},"end":{"line":145,"column":32}},{"start":{"line":145,"column":36},"end":{"line":145,"column":47}}],"line":145},"10":{"loc":{"start":{"line":148,"column":11},"end":{"line":151,"column":12}},"type":"if","locations":[{"start":{"line":148,"column":11},"end":{"line":151,"column":12}},{"start":{},"end":{}}],"line":148},"11":{"loc":{"start":{"line":175,"column":8},"end":{"line":177,"column":9}},"type":"if","locations":[{"start":{"line":175,"column":8},"end":{"line":177,"column":9}},{"start":{},"end":{}}],"line":175},"12":{"loc":{"start":{"line":179,"column":8},"end":{"line":184,"column":9}},"type":"if","locations":[{"start":{"line":179,"column":8},"end":{"line":184,"column":9}},{"start":{},"end":{}}],"line":179},"13":{"loc":{"start":{"line":198,"column":57},"end":{"line":198,"column":66}},"type":"binary-expr","locations":[{"start":{"line":198,"column":57},"end":{"line":198,"column":61}},{"start":{"line":198,"column":65},"end":{"line":198,"column":66}}],"line":198},"14":{"loc":{"start":{"line":201,"column":8},"end":{"line":206,"column":9}},"type":"if","locations":[{"start":{"line":201,"column":8},"end":{"line":206,"column":9}},{"start":{"line":203,"column":15},"end":{"line":206,"column":9}}],"line":201}},"s":{"0":0,"1":0,"2":0,"3":0,"4":0,"5":0,"6":0,"7":0,"8":0,"9":0,"10":0,"11":0,"12":0,"13":0,"14":0,"15":0,"16":0,"17":0,"18":0,"19":0,"20":0,"21":0,"22":0,"23":0,"24":0,"25":0,"26":0,"27":0,"28":0,"29":0,"30":0,"31":0,"32":0,"33":0,"34":0,"35":0,"36":0,"37":0,"38":0,"39":0,"40":0,"41":0,"42":0,"43":0,"44":0,"45":0,"46":0,"47":0,"48":0,"49":0,"50":0,"51":0,"52":0,"53":0,"54":0,"55":0,"56":0,"57":0,"58":0,"59":0,"60":0,"61":0,"62":0,"63":0,"64":0,"65":0},"f":{"0":0,"1":0,"2":0,"3":0,"4":0,"5":0,"6":0,"7":0,"8":0},"b":{"0":[0,0],"1":[0,0],"2":[0,0],"3":[0,0],"4":[0,0],"5":[0,0],"6":[0,0],"7":[0,0],"8":[0,0],"9":[0,0],"10":[0,0],"11":[0,0],"12":[0,0],"13":[0,0],"14":[0,0]},"inputSourceMap":null}
,"/Users/vivekkodira/work/pratishthan/snapshot-testing/lib/diff-analyzer.js": {"path":"/Users/vivekkodira/work/pratishthan/snapshot-testing/lib/diff-analyzer.js","statementMap":{"0":{"start":{"line":15,"column":27},"end":{"line":17,"column":1}},"1":{"start":{"line":16,"column":2},"end":{"line":16,"column":72}},"2":{"start":{"line":25,"column":31},"end":{"line":78,"column":1}},"3":{"start":{"line":30,"column":2},"end":{"line":32,"column":3}},"4":{"start":{"line":30,"column":36},"end":{"line":30,"column":58}},"5":{"start":{"line":31,"column":4},"end":{"line":31,"column":17}},"6":{"start":{"line":35,"column":2},"end":{"line":37,"column":3}},"7":{"start":{"line":36,"column":4},"end":{"line":36,"column":17}},"8":{"start":{"line":40,"column":2},"end":{"line":47,"column":3}},"9":{"start":{"line":46,"column":4},"end":{"line":46,"column":17}},"10":{"start":{"line":50,"column":19},"end":{"line":50,"column":42}},"11":{"start":{"line":51,"column":2},"end":{"line":75,"column":3}},"12":{"start":{"line":74,"column":4},"end":{"line":74,"column":17}},"13":{"start":{"line":77,"column":2},"end":{"line":77,"column":14}},"14":{"start":{"line":86,"column":42},"end":{"line":111,"column":1}},"15":{"start":{"line":90,"column":14},"end":{"line":90,"column":41}},"16":{"start":{"line":91,"column":19},"end":{"line":91,"column":55}},"17":{"start":{"line":92,"column":21},"end":{"line":92,"column":23}},"18":{"start":{"line":95,"column":29},"end":{"line":100,"column":3}},"19":{"start":{"line":102,"column":2},"end":{"line":108,"column":3}},"20":{"start":{"line":104,"column":25},"end":{"line":104,"column":62}},"21":{"start":{"line":105,"column":4},"end":{"line":107,"column":5}},"22":{"start":{"line":106,"column":6},"end":{"line":106,"column":36}},"23":{"start":{"line":110,"column":2},"end":{"line":110,"column":20}},"24":{"start":{"line":119,"column":31},"end":{"line":133,"column":1}},"25":{"start":{"line":120,"column":2},"end":{"line":132,"column":3}},"26":{"start":{"line":121,"column":19},"end":{"line":124,"column":6}},"27":{"start":{"line":126,"column":4},"end":{"line":129,"column":34}},"28":{"start":{"line":129,"column":21},"end":{"line":129,"column":32}},"29":{"start":{"line":131,"column":4},"end":{"line":131,"column":69}},"30":{"start":{"line":141,"column":28},"end":{"line":151,"column":1}},"31":{"start":{"line":142,"column":2},"end":{"line":150,"column":3}},"32":{"start":{"line":143,"column":4},"end":{"line":146,"column":7}},"33":{"start":{"line":147,"column":4},"end":{"line":147,"column":16}},"34":{"start":{"line":149,"column":4},"end":{"line":149,"column":17}},"35":{"start":{"line":160,"column":34},"end":{"line":174,"column":1}},"36":{"start":{"line":165,"column":2},"end":{"line":173,"column":3}},"37":{"start":{"line":166,"column":4},"end":{"line":169,"column":7}},"38":{"start":{"line":170,"column":4},"end":{"line":170,"column":16}},"39":{"start":{"line":172,"column":4},"end":{"line":172,"column":17}},"40":{"start":{"line":181,"column":32},"end":{"line":192,"column":1}},"41":{"start":{"line":182,"column":2},"end":{"line":191,"column":3}},"42":{"start":{"line":183,"column":19},"end":{"line":186,"column":6}},"43":{"start":{"line":187,"column":20},"end":{"line":187,"column":61}},"44":{"start":{"line":188,"column":4},"end":{"line":188,"column":74}},"45":{"start":{"line":190,"column":4},"end":{"line":190,"column":20}},"46":{"start":{"line":200,"column":38},"end":{"line":216,"column":1}},"47":{"start":{"line":204,"column":30},"end":{"line":204,"column":39}},"48":{"start":{"line":206,"column":2},"end":{"line":213,"column":3}},"49":{"start":{"line":207,"column":26},"end":{"line":207,"column":63}},"50":{"start":{"line":208,"column":20},"end":{"line":208,"column":74}},"51":{"start":{"line":210,"column":4},"end":{"line":212,"column":5}},"52":{"start":{"line":211,"column":6},"end":{"line":211,"column":54}},"53":{"start":{"line":215,"column":2},"end":{"line":215,"column":29}},"54":{"start":{"line":224,"column":35},"end":{"line":269,"column":1}},"55":{"start":{"line":225,"column":21},"end":{"line":225,"column":23}},"56":{"start":{"line":226,"column":25},"end":{"line":226,"column":27}},"57":{"start":{"line":227,"column":21},"end":{"line":227,"column":23}},"58":{"start":{"line":229,"column":2},"end":{"line":247,"column":3}},"59":{"start":{"line":231,"column":28},"end":{"line":233,"column":5}},"60":{"start":{"line":232,"column":6},"end":{"line":232,"column":26}},"61":{"start":{"line":235,"column":4},"end":{"line":238,"column":5}},"62":{"start":{"line":236,"column":6},"end":{"line":236,"column":28}},"63":{"start":{"line":237,"column":6},"end":{"line":237,"column":15}},"64":{"start":{"line":240,"column":4},"end":{"line":246,"column":5}},"65":{"start":{"line":241,"column":6},"end":{"line":241,"column":28}},"66":{"start":{"line":242,"column":11},"end":{"line":246,"column":5}},"67":{"start":{"line":243,"column":6},"end":{"line":243,"column":32}},"68":{"start":{"line":245,"column":6},"end":{"line":245,"column":28}},"69":{"start":{"line":250,"column":30},"end":{"line":250,"column":68}},"70":{"start":{"line":251,"column":35},"end":{"line":251,"column":37}},"71":{"start":{"line":253,"column":2},"end":{"line":255,"column":3}},"72":{"start":{"line":254,"column":4},"end":{"line":254,"column":46}},"73":{"start":{"line":258,"column":24},"end":{"line":260,"column":3}},"74":{"start":{"line":262,"column":2},"end":{"line":268,"column":4}},"75":{"start":{"line":277,"column":36},"end":{"line":309,"column":1}},"76":{"start":{"line":281,"column":2},"end":{"line":308,"column":3}},"77":{"start":{"line":282,"column":21},"end":{"line":282,"column":58}},"78":{"start":{"line":283,"column":20},"end":{"line":283,"column":53}},"79":{"start":{"line":285,"column":18},"end":{"line":285,"column":37}},"80":{"start":{"line":286,"column":16},"end":{"line":286,"column":17}},"81":{"start":{"line":288,"column":4},"end":{"line":303,"column":5}},"82":{"start":{"line":289,"column":22},"end":{"line":289,"column":33}},"83":{"start":{"line":292,"column":6},"end":{"line":297,"column":7}},"84":{"start":{"line":296,"column":8},"end":{"line":296,"column":17}},"85":{"start":{"line":300,"column":6},"end":{"line":302,"column":7}},"86":{"start":{"line":301,"column":8},"end":{"line":301,"column":16}},"87":{"start":{"line":305,"column":4},"end":{"line":305,"column":30}},"88":{"start":{"line":307,"column":4},"end":{"line":307,"column":13}}},"fnMap":{"0":{"name":"(anonymous_0)","decl":{"start":{"line":15,"column":27},"end":{"line":15,"column":28}},"loc":{"start":{"line":15,"column":41},"end":{"line":17,"column":1}},"line":15},"1":{"name":"(anonymous_1)","decl":{"start":{"line":25,"column":31},"end":{"line":25,"column":32}},"loc":{"start":{"line":28,"column":5},"end":{"line":78,"column":1}},"line":28},"2":{"name":"(anonymous_2)","decl":{"start":{"line":30,"column":27},"end":{"line":30,"column":28}},"loc":{"start":{"line":30,"column":36},"end":{"line":30,"column":58}},"line":30},"3":{"name":"(anonymous_3)","decl":{"start":{"line":86,"column":42},"end":{"line":86,"column":43}},"loc":{"start":{"line":89,"column":5},"end":{"line":111,"column":1}},"line":89},"4":{"name":"(anonymous_4)","decl":{"start":{"line":119,"column":31},"end":{"line":119,"column":32}},"loc":{"start":{"line":119,"column":78},"end":{"line":133,"column":1}},"line":119},"5":{"name":"(anonymous_5)","decl":{"start":{"line":129,"column":11},"end":{"line":129,"column":12}},"loc":{"start":{"line":129,"column":21},"end":{"line":129,"column":32}},"line":129},"6":{"name":"(anonymous_6)","decl":{"start":{"line":141,"column":28},"end":{"line":141,"column":29}},"loc":{"start":{"line":141,"column":73},"end":{"line":151,"column":1}},"line":141},"7":{"name":"(anonymous_7)","decl":{"start":{"line":160,"column":34},"end":{"line":160,"column":35}},"loc":{"start":{"line":164,"column":5},"end":{"line":174,"column":1}},"line":164},"8":{"name":"(anonymous_8)","decl":{"start":{"line":181,"column":32},"end":{"line":181,"column":33}},"loc":{"start":{"line":181,"column":65},"end":{"line":192,"column":1}},"line":181},"9":{"name":"(anonymous_9)","decl":{"start":{"line":200,"column":38},"end":{"line":200,"column":39}},"loc":{"start":{"line":203,"column":5},"end":{"line":216,"column":1}},"line":203},"10":{"name":"(anonymous_10)","decl":{"start":{"line":224,"column":35},"end":{"line":224,"column":36}},"loc":{"start":{"line":224,"column":61},"end":{"line":269,"column":1}},"line":224},"11":{"name":"(anonymous_11)","decl":{"start":{"line":231,"column":61},"end":{"line":231,"column":62}},"loc":{"start":{"line":232,"column":6},"end":{"line":232,"column":26}},"line":232},"12":{"name":"(anonymous_12)","decl":{"start":{"line":277,"column":36},"end":{"line":277,"column":37}},"loc":{"start":{"line":280,"column":5},"end":{"line":309,"column":1}},"line":280}},"branchMap":{"0":{"loc":{"start":{"line":16,"column":9},"end":{"line":16,"column":71}},"type":"binary-expr","locations":[{"start":{"line":16,"column":9},"end":{"line":16,"column":39}},{"start":{"line":16,"column":43},"end":{"line":16,"column":71}}],"line":16},"1":{"loc":{"start":{"line":27,"column":2},"end":{"line":27,"column":38}},"type":"default-arg","locations":[{"start":{"line":27,"column":19},"end":{"line":27,"column":38}}],"line":27},"2":{"loc":{"start":{"line":30,"column":2},"end":{"line":32,"column":3}},"type":"if","locations":[{"start":{"line":30,"column":2},"end":{"line":32,"column":3}},{"start":{},"end":{}}],"line":30},"3":{"loc":{"start":{"line":35,"column":2},"end":{"line":37,"column":3}},"type":"if","locations":[{"start":{"line":35,"column":2},"end":{"line":37,"column":3}},{"start":{},"end":{}}],"line":35},"4":{"loc":{"start":{"line":40,"column":2},"end":{"line":47,"column":3}},"type":"if","locations":[{"start":{"line":40,"column":2},"end":{"line":47,"column":3}},{"start":{},"end":{}}],"line":40},"5":{"loc":{"start":{"line":41,"column":4},"end":{"line":44,"column":35}},"type":"binary-expr","locations":[{"start":{"line":41,"column":4},"end":{"line":41,"column":34}},{"start":{"line":42,"column":4},"end":{"line":42,"column":34}},{"start":{"line":43,"column":4},"end":{"line":43,"column":37}},{"start":{"line":44,"column":4},"end":{"line":44,"column":35}}],"line":41},"6":{"loc":{"start":{"line":51,"column":2},"end":{"line":75,"column":3}},"type":"if","locations":[{"start":{"line":51,"column":2},"end":{"line":75,"column":3}},{"start":{},"end":{}}],"line":51},"7":{"loc":{"start":{"line":52,"column":4},"end":{"line":72,"column":28}},"type":"binary-expr","locations":[{"start":{"line":52,"column":4},"end":{"line":52,"column":35}},{"start":{"line":53,"column":4},"end":{"line":53,"column":34}},{"start":{"line":54,"column":4},"end":{"line":54,"column":35}},{"start":{"line":55,"column":4},"end":{"line":55,"column":36}},{"start":{"line":56,"column":4},"end":{"line":56,"column":39}},{"start":{"line":57,"column":4},"end":{"line":57,"column":35}},{"start":{"line":58,"column":4},"end":{"line":58,"column":34}},{"start":{"line":59,"column":4},"end":{"line":59,"column":36}},{"start":{"line":60,"column":4},"end":{"line":60,"column":37}},{"start":{"line":61,"column":4},"end":{"line":61,"column":33}},{"start":{"line":62,"column":4},"end":{"line":62,"column":34}},{"start":{"line":63,"column":4},"end":{"line":63,"column":32}},{"start":{"line":64,"column":5},"end":{"line":64,"column":31}},{"start":{"line":65,"column":6},"end":{"line":65,"column":61}},{"start":{"line":66,"column":4},"end":{"line":66,"column":28}},{"start":{"line":67,"column":4},"end":{"line":67,"column":28}},{"start":{"line":68,"column":4},"end":{"line":68,"column":26}},{"start":{"line":69,"column":4},"end":{"line":69,"column":27}},{"start":{"line":70,"column":4},"end":{"line":70,"column":29}},{"start":{"line":71,"column":4},"end":{"line":71,"column":29}},{"start":{"line":72,"column":4},"end":{"line":72,"column":28}}],"line":52},"8":{"loc":{"start":{"line":88,"column":2},"end":{"line":88,"column":29}},"type":"default-arg","locations":[{"start":{"line":88,"column":16},"end":{"line":88,"column":29}}],"line":88},"9":{"loc":{"start":{"line":105,"column":4},"end":{"line":107,"column":5}},"type":"if","locations":[{"start":{"line":105,"column":4},"end":{"line":107,"column":5}},{"start":{},"end":{}}],"line":105},"10":{"loc":{"start":{"line":119,"column":46},"end":{"line":119,"column":73}},"type":"default-arg","locations":[{"start":{"line":119,"column":60},"end":{"line":119,"column":73}}],"line":119},"11":{"loc":{"start":{"line":141,"column":41},"end":{"line":141,"column":68}},"type":"default-arg","locations":[{"start":{"line":141,"column":55},"end":{"line":141,"column":68}}],"line":141},"12":{"loc":{"start":{"line":162,"column":2},"end":{"line":162,"column":19}},"type":"default-arg","locations":[{"start":{"line":162,"column":11},"end":{"line":162,"column":19}}],"line":162},"13":{"loc":{"start":{"line":163,"column":2},"end":{"line":163,"column":29}},"type":"default-arg","locations":[{"start":{"line":163,"column":16},"end":{"line":163,"column":29}}],"line":163},"14":{"loc":{"start":{"line":181,"column":33},"end":{"line":181,"column":60}},"type":"default-arg","locations":[{"start":{"line":181,"column":47},"end":{"line":181,"column":60}}],"line":181},"15":{"loc":{"start":{"line":188,"column":11},"end":{"line":188,"column":73}},"type":"cond-expr","locations":[{"start":{"line":188,"column":40},"end":{"line":188,"column":48}},{"start":{"line":188,"column":51},"end":{"line":188,"column":73}}],"line":188},"16":{"loc":{"start":{"line":188,"column":51},"end":{"line":188,"column":73}},"type":"binary-expr","locations":[{"start":{"line":188,"column":51},"end":{"line":188,"column":61}},{"start":{"line":188,"column":65},"end":{"line":188,"column":73}}],"line":188},"17":{"loc":{"start":{"line":202,"column":2},"end":{"line":202,"column":29}},"type":"default-arg","locations":[{"start":{"line":202,"column":16},"end":{"line":202,"column":29}}],"line":202},"18":{"loc":{"start":{"line":210,"column":4},"end":{"line":212,"column":5}},"type":"if","locations":[{"start":{"line":210,"column":4},"end":{"line":212,"column":5}},{"start":{},"end":{}}],"line":210},"19":{"loc":{"start":{"line":235,"column":4},"end":{"line":238,"column":5}},"type":"if","locations":[{"start":{"line":235,"column":4},"end":{"line":238,"column":5}},{"start":{},"end":{}}],"line":235},"20":{"loc":{"start":{"line":240,"column":4},"end":{"line":246,"column":5}},"type":"if","locations":[{"start":{"line":240,"column":4},"end":{"line":246,"column":5}},{"start":{"line":242,"column":11},"end":{"line":246,"column":5}}],"line":240},"21":{"loc":{"start":{"line":242,"column":11},"end":{"line":246,"column":5}},"type":"if","locations":[{"start":{"line":242,"column":11},"end":{"line":246,"column":5}},{"start":{"line":244,"column":11},"end":{"line":246,"column":5}}],"line":242},"22":{"loc":{"start":{"line":279,"column":2},"end":{"line":279,"column":29}},"type":"default-arg","locations":[{"start":{"line":279,"column":16},"end":{"line":279,"column":29}}],"line":279},"23":{"loc":{"start":{"line":292,"column":6},"end":{"line":297,"column":7}},"type":"if","locations":[{"start":{"line":292,"column":6},"end":{"line":297,"column":7}},{"start":{},"end":{}}],"line":292},"24":{"loc":{"start":{"line":293,"column":8},"end":{"line":294,"column":45}},"type":"binary-expr","locations":[{"start":{"line":293,"column":8},"end":{"line":293,"column":42}},{"start":{"line":294,"column":8},"end":{"line":294,"column":45}}],"line":293},"25":{"loc":{"start":{"line":300,"column":6},"end":{"line":302,"column":7}},"type":"if","locations":[{"start":{"line":300,"column":6},"end":{"line":302,"column":7}},{"start":{},"end":{}}],"line":300}},"s":{"0":0,"1":0,"2":0,"3":0,"4":0,"5":0,"6":0,"7":0,"8":0,"9":0,"10":0,"11":0,"12":0,"13":0,"14":0,"15":0,"16":0,"17":0,"18":0,"19":0,"20":0,"21":0,"22":0,"23":0,"24":0,"25":0,"26":0,"27":0,"28":0,"29":0,"30":0,"31":0,"32":0,"33":0,"34":0,"35":0,"36":0,"37":0,"38":0,"39":0,"40":0,"41":0,"42":0,"43":0,"44":0,"45":0,"46":0,"47":0,"48":0,"49":0,"50":0,"51":0,"52":0,"53":0,"54":0,"55":0,"56":0,"57":0,"58":0,"59":0,"60":0,"61":0,"62":0,"63":0,"64":0,"65":0,"66":0,"67":0,"68":0,"69":0,"70":0,"71":0,"72":0,"73":0,"74":0,"75":0,"76":0,"77":0,"78":0,"79":0,"80":0,"81":0,"82":0,"83":0,"84":0,"85":0,"86":0,"87":0,"88":0},"f":{"0":0,"1":0,"2":0,"3":0,"4":0,"5":0,"6":0,"7":0,"8":0,"9":0,"10":0,"11":0,"12":0},"b":{"0":[0,0],"1":[0],"2":[0,0],"3":[0,0],"4":[0,0],"5":[0,0,0,0],"6":[0,0],"7":[0,0,0,0,0,0,0,0,0,0,0,0,0,0,0,0,0,0,0,0,0],"8":[0],"9":[0,0],"10":[0],"11":[0],"12":[0],"13":[0],"14":[0],"15":[0,0],"16":[0,0],"17":[0],"18":[0,0],"19":[0,0],"20":[0,0],"21":[0,0],"22":[0],"23":[0,0],"24":[0,0],"25":[0,0]},"inputSourceMap":null}
,"/Users/vivekkodira/work/pratishthan/snapshot-testing/lib/failure-handler.js": {"path":"/Users/vivekkodira/work/pratishthan/snapshot-testing/lib/failure-handler.js","statementMap":{"0":{"start":{"line":15,"column":34},"end":{"line":32,"column":1}},"1":{"start":{"line":16,"column":21},"end":{"line":16,"column":47}},"2":{"start":{"line":17,"column":29},"end":{"line":29,"column":3}},"3":{"start":{"line":31,"column":2},"end":{"line":31,"column":80}},"4":{"start":{"line":31,"column":48},"end":{"line":31,"column":78}},"5":{"start":{"line":40,"column":33},"end":{"line":56,"column":1}},"6":{"start":{"line":41,"column":2},"end":{"line":43,"column":3}},"7":{"start":{"line":42,"column":4},"end":{"line":42,"column":17}},"8":{"start":{"line":46,"column":2},"end":{"line":48,"column":3}},"9":{"start":{"line":47,"column":4},"end":{"line":47,"column":17}},"10":{"start":{"line":50,"column":21},"end":{"line":50,"column":47}},"11":{"start":{"line":51,"column":19},"end":{"line":53,"column":22}},"12":{"start":{"line":55,"column":2},"end":{"line":55,"column":80}},"13":{"start":{"line":55,"column":36},"end":{"line":55,"column":78}},"14":{"start":{"line":64,"column":29},"end":{"line":94,"column":1}},"15":{"start":{"line":65,"column":19},"end":{"line":65,"column":21}},"16":{"start":{"line":67,"column":2},"end":{"line":69,"column":3}},"17":{"start":{"line":68,"column":4},"end":{"line":68,"column":20}},"18":{"start":{"line":71,"column":2},"end":{"line":91,"column":3}},"19":{"start":{"line":72,"column":23},"end":{"line":72,"column":66}},"20":{"start":{"line":73,"column":18},"end":{"line":73,"column":40}},"21":{"start":{"line":75,"column":4},"end":{"line":88,"column":5}},"22":{"start":{"line":76,"column":6},"end":{"line":87,"column":7}},"23":{"start":{"line":78,"column":22},"end":{"line":78,"column":62}},"24":{"start":{"line":79,"column":8},"end":{"line":86,"column":9}},"25":{"start":{"line":80,"column":44},"end":{"line":80,"column":49}},"26":{"start":{"line":81,"column":10},"end":{"line":85,"column":13}},"27":{"start":{"line":90,"column":4},"end":{"line":90,"column":79}},"28":{"start":{"line":93,"column":2},"end":{"line":93,"column":18}},"29":{"start":{"line":101,"column":37},"end":{"line":119,"column":1}},"30":{"start":{"line":102,"column":2},"end":{"line":104,"column":3}},"31":{"start":{"line":103,"column":4},"end":{"line":103,"column":14}},"32":{"start":{"line":106,"column":2},"end":{"line":118,"column":3}},"33":{"start":{"line":107,"column":20},"end":{"line":107,"column":67}},"34":{"start":{"line":108,"column":18},"end":{"line":108,"column":53}},"35":{"start":{"line":109,"column":21},"end":{"line":109,"column":58}},"36":{"start":{"line":109,"column":41},"end":{"line":109,"column":57}},"37":{"start":{"line":112,"column":4},"end":{"line":112,"column":72}},"38":{"start":{"line":112,"column":50},"end":{"line":112,"column":59}},"39":{"start":{"line":114,"column":4},"end":{"line":116,"column":6}},"40":{"start":{"line":117,"column":4},"end":{"line":117,"column":14}},"41":{"start":{"line":126,"column":35},"end":{"line":141,"column":1}},"42":{"start":{"line":127,"column":2},"end":{"line":129,"column":3}},"43":{
[...]
"column":41},"end":{"line":211,"column":1}},"67":{"start":{"line":182,"column":19},"end":{"line":182,"column":106}},"68":{"start":{"line":184,"column":19},"end":{"line":184,"column":40}},"69":{"start":{"line":186,"column":2},"end":{"line":190,"column":3}},"70":{"start":{"line":187,"column":4},"end":{"line":189,"column":6}},"71":{"start":{"line":192,"column":20},"end":{"line":192,"column":41}},"72":{"start":{"line":193,"column":18},"end":{"line":193,"column":56}},"73":{"start":{"line":196,"column":17},"end":{"line":203,"column":77}},"74":{"start":{"line":197,"column":23},"end":{"line":197,"column":57}},"75":{"start":{"line":199,"column":17},"end":{"line":199,"column":76}},"76":{"start":{"line":201,"column":23},"end":{"line":201,"column":71}},"77":{"start":{"line":202,"column":23},"end":{"line":202,"column":77}},"78":{"start":{"line":203,"column":23},"end":{"line":203,"column":76}},"79":{"start":{"line":206,"column":2},"end":{"line":208,"column":3}},"80":{"start":{"line":207,"column":4},"end":{"line":207,"column":76}},"81":{"start":{"line":207,"column":42},"end":{"line":207,"column":74}},"82":{"start":{"line":210,"column":2},"end":{"line":210,"column":59}},"83":{"start":{"line":210,"column":33},"end":{"line":210,"column":57}},"84":{"start":{"line":220,"column":39},"end":{"line":222,"column":1}},"85":{"start":{"line":221,"column":2},"end":{"line":221,"column":79}},"86":{"start":{"line":221,"column":35},"end":{"line":221,"column":77}},"87":{"start":{"line":230,"column":36},"end":{"line":232,"column":1}},"88":{"start":{"line":231,"column":2},"end":{"line":231,"column":69}},"89":{"start":{"line":231,"column":35},"end":{"line":231,"column":67}},"90":{"start":{"line":240,"column":41},"end":{"line":244,"column":1}},"91":{"start":{"line":241,"column":2},"end":{"line":243,"column":4}},"92":{"start":{"line":242,"column":15},"end":{"line":242,"column":59}}},"fnMap":{"0":{"name":"(anonymous_0)","decl":{"start":{"line":14,"column":18},"end":{"line":14,"column":19}},"loc":{"start":{"line":14,"column":29},"end":{"line":21,"column":1}},"line":14},"1":{"name":"(anonymous_1)","decl":{"start":{"line":19,"column":9},"end":{"line":19,"column":10}},"loc":{"start":{"line":19,"column":16},"end":{"line":19,"column":24}},"line":19},"2":{"name":"(anonymous_2)","decl":{"start":{"line":28,"column":36},"end":{"line":28,"column":37}},"loc":{"start":{"line":28,"column":49},"end":{"line":30,"column":1}},"line":28},"3":{"name":"(anonymous_3)","decl":{"start":{"line":38,"column":30},"end":{"line":38,"column":31}},"loc":{"start":{"line":38,"column":51},"end":{"line":52,"column":1}},"line":38},"4":{"name":"(anonymous_4)","decl":{"start":{"line":60,"column":40},"end":{"line":60,"column":41}},"loc":{"start":{"line":60,"column":63},"end":{"line":81,"column":1}},"line":60},"5":{"name":"(anonymous_5)","decl":{"start":{"line":65,"column":54},"end":{"line":65,"column":55}},"loc":{"start":{"line":65,"column":61},"end":{"line":65,"column":76}},"line":65},"6":{"name":"(anonymous_6)","decl":{"start":{"line":76,"column":4},"end":{"line":76,"column":5}},"loc":{"start":{"line":77,"column":6},"end":{"line":79,"column":34}},"line":77},"7":{"name":"(anonymous_7)","decl":{"start":{"line":89,"column":37},"end":{"line":89,"column":38}},"loc":{"start":{"line":89,"column":61},"end":{"line":129,"column":1}},"line":89},"8":{"name":"(anonymous_8)","decl":{"start":{"line":101,"column":26},"end":{"line":101,"column":27}},"loc":{"start":{"line":101,"column":35},"end":{"line":101,"column":59}},"line":101},"9":{"name":"(anonymous_9)","decl":{"start":{"line":117,"column":46},"end":{"line":117,"column":47}},"loc":{"start":{"line":117,"column":53},"end":{"line":117,"column":68}},"line":117},"10":{"name":"(anonymous_10)","decl":{"start":{"line":118,"column":22},"end":{"line":118,"column":23}},"loc":{"start":{"line":118,"column":35},"end":{"line":118,"column":62}},"line":118},"11":{"name":"(anonymous_11)","decl":{"start":{"line":137,"column":34},"end":{"line":137,"column":35}},"loc":{"start":{"line":137,"column":59},"end":{"line":150,"column":1}},"line":137},"12":{"name":"(anonymous_12)","decl":{"start":{"line":149,"column":23},"end":{"line":149,"column":24}},"loc":{"start":{"line":149,"column":36},"end":{"line":149,"column":64}},"line":149},"13":{"name":"(anonymous_13)","decl":{"start":{"line":158,"column":37},"end":{"line":158,"column":38}},"loc":{"start":{"line":158,"column":58},"end":{"line":170,"column":1}},"line":158},"14":{"name":"(anonymous_14)","decl":{"start":{"line":178,"column":41},"end":{"line":178,"column":42}},"loc":{"start":{"line":181,"column":5},"end":{"line":211,"column":1}},"line":181},"15":{"name":"(anonymous_15)","decl":{"start":{"line":197,"column":12},"end":{"line":197,"column":13}},"loc":{"start":{"line":197,"column":23},"end":{"line":197,"column":57}},"line":197},"16":{"name":"(anonymous_16)","decl":{"start":{"line":199,"column":6},"end":{"line":199,"column":7}},"loc":{"start":{"line":199,"column":17},"end":{"line":199,"column":76}},"line":199},"17":{"name":"(anonymous_17)","decl":{"start":{"line":201,"column":12},"end":{"line":201,"column":13}},"loc":{"start":{"line":201,"column":23},"end":{"line":201,"column":71}},"line":201},"18":{"name":"(anonymous_18)","decl":{"start":{"line":202,"column":12},"end":{"line":202,"column":13}},"loc":{"start":{"line":202,"column":23},"end":{"line":202,"column":77}},"line":202},"19":{"name":"(anonymous_19)","decl":{"start":{"line":203,"column":12},"end":{"line":203,"column":13}},"loc":{"start":{"line":203,"column":23},"end":{"line":203,"column":76}},"line":203},"20":{"name":"(anonymous_20)","decl":{"start":{"line":207,"column":31},"end":{"line":207,"column":32}},"loc":{"start":{"line":207,"column":42},"end":{"line":207,"column":74}},"line":207},"21":{"name":"(anonymous_21)","decl":{"start":{"line":210,"column":23},"end":{"line":210,"column":24}},"loc":{"start":{"line":210,"column":33},"end":{"line":210,"column":57}},"line":210},"22":{"name":"(anonymous_22)","decl":{"start":{"line":220,"column":39},"end":{"line":220,"column":40}},"loc":{"start":{"line":220,"column":62},"end":{"line":222,"column":1}},"line":220},"23":{"name":"(anonymous_23)","decl":{"start":{"line":221,"column":24},"end":{"line":221,"column":25}},"loc":{"start":{"line":221,"column":35},"end":{"line":221,"column":77}},"line":221},"24":{"name":"(anonymous_24)","decl":{"start":{"line":230,"column":36},"end":{"line":230,"column":37}},"loc":{"start":{"line":230,"column":56},"end":{"line":232,"column":1}},"line":230},"25":{"name":"(anonymous_25)","decl":{"start":{"line":231,"column":24},"end":{"line":231,"column":25}},"loc":{"start":{"line":231,"column":35},"end":{"line":231,"column":67}},"line":231},"26":{"name":"(anonymous_26)","decl":{"start":{"line":240,"column":41},"end":{"line":240,"column":42}},"loc":{"start":{"line":240,"column":66},"end":{"line":244,"column":1}},"line":240},"27":{"name":"(anonymous_27)","decl":{"start":{"line":242,"column":4},"end":{"line":242,"column":5}},"loc":{"start":{"line":242,"column":15},"end":{"line":242,"column":59}},"line":242}},"branchMap":{"0":{"loc":{"start":{"line":15,"column":2},"end":{"line":15,"column":41}},"type":"if","locations":[{"start":{"line":15,"column":2},"end":{"line":15,"column":41}},{"start":{},"end":{}}],"line":15},"1":{"loc":{"start":{"line":16,"column":2},"end":{"line":16,"column":24}},"type":"if","locations":[{"start":{"line":16,"column":2},"end":{"line":16,"column":24}},{"start":{},"end":{}}],"line":16},"2":{"loc":{"start":{"line":50,"column":4},"end":{"line":50,"column":75}},"type":"binary-expr","locations":[{"start":{"line":50,"column":4},"end":{"line":50,"column":36}},{"start":{"line":50,"column":40},"end":{"line":50,"column":75}}],"line":50},"3":{"loc":{"start":{"line":61,"column":2},"end":{"line":63,"column":3}},"type":"if","locations":[{"start":{"line":61,"column":2},"end":{"line":63,"column":3}},{"start":{},"end":{}}],"line":61},"4":{"loc":{"start":{"line":61,"column":6},"end":{"line":61,"column":44}},"type":"binary-expr","locations":[{"start":{"line":61,"column":6},"end":{"line":61,"column":17}},{"start":{"line":61,"column":21},"end":{"line":61,"column":44}}],"line":61},"5":{"loc":{"start":{"line":67,"column":2},"end":{"line":69,"column":3}},"type":"if","locations":[{"start":{"line":67,"column":2},"end":{"line":69,"column":3}},{"start":{},"end":{}}],"line":67},"6":{"loc":{"start":{"line":71,"column":13},"end":{"line":71,"column":42}},"type":"binary-expr","locations":[{"start":{"line":71,"column":13},"end":{"line":71,"column":36}},{"start":{"line":71,"column":40},"end":{"line":71,"column":42}}],"line":71},"7":{"loc":{"start":{"line":72,"column":22},"end":{"line":72,"column":53}},"type":"binary-expr","locations":[{"start":{"line":72,"column":22},"end":{"line":72,"column":47}},{"start":{"line":72,"column":51},"end":{"line":72,"column":53}}],"line":72},"8":{"loc":{"start":{"line":73,"column":21},"end":{"line":73,"column":58}},"type":"binary-expr","locations":[{"start":{"line":73,"column":21},"end":{"line":73,"column":52}},{"start":{"line":73,"column":56},"end":{"line":73,"column":58}}],"line":73},"9":{"loc":{"start":{"line":77,"column":6},"end":{"line":79,"column":34}},"type":"binary-expr","locations":[{"start":{"line":77,"column":6},"end":{"line":77,"column":26}},{"start":{"line":78,"column":6},"end":{"line":78,"column":35}},{"start":{"line":79,"column":6},"end":{"line":79,"column":34}}],"line":77},"10":{"loc":{"start":{"line":90,"column":2},"end":{"line":90,"column":33}},"type":"if","locations":[{"start":{"line":90,"column":2},"end":{"line":90,"column":33}},{"start":{},"end":{}}],"line":90},"11":{"loc":{"start":{"line":92,"column":13},"end":{"line":92,"column":42}},"type":"binary-expr","locations":[{"start":{"line":92,"column":13},"end":{"line":92,"column":36}},{"start":{"line":92,"column":40},"end":{"line":92,"column":42}}],"line":92},"12":{"loc":{"start":{"line":93,"column":22},"end":{"line":93,"column":53}},"type":"binary-expr","locations":[{"start":{"line":93,"column":22},"end":{"line":93,"column":47}},{"start":{"line":93,"column":51},"end":{"line":93,"column":53}}],"line":93},"13":{"loc":{"start":{"line":94,"column":23},"end":{"line":94,"column":49}},"type":"binary-expr","locations":[{"start":{"line":94,"column":23},"end":{"line":94,"column":43}},{"start":{"line":94,"column":47},"end":{"line":94,"column":49}}],"line":94},"14":{"loc":{"start":{"line":97,"column":2},"end":{"line":104,"column":3}},"type":"if","locations":[{"start":{"line":97,"column":2},"end":{"line":104,"column":3}},{"start":{},"end":{}}],"line":97},"15":{"loc":{"start":{"line":98,"column":4},"end":{"line":101,"column":60}},"type":"binary-expr","locations":[{"start":{"line":98,"column":4},"end":{"line":98,"column":20}},{"start":{"line":99,"column":4},"end":{"line":99,"column":14}},{"start":{"line":100,"column":4},"end":{"line":100,"column":29}},{"start":{"line":101,"column":4},"end":{"line":101,"column":60}}],"line":98},"16":{"loc":{"start":{"line":107,"column":2},"end":{"line":112,"column":3}},"type":"if","locations":[{"start":{"line":107,"column":2},"end":{"line":112,"column":3}},{"start":{},"end":{}}],"line":107},"17":{"loc":{"start":{"line":109,"column":4},"end":{"line":111,"column":5}},"type":"if","locations":[{"start":{"line":109,"column":4},"end":{"line":111,"column":5}},{"start":{},"end":{}}],"line":109},"18":{"loc":{"start":{"line":109,"column":8},"end":{"line":109,"column":69}},"type":"binary-expr","locations":[{"start":{"line":109,"column":8},"end":{"line":109,"column":37}},{"start":{"line":109,"column":41},"end":{"line":109,"column":69}}],"line":109},"19":{"loc":{"start":{"line":115,"column":2},"end":{"line":121,"column":3}},"type":"if","locations":[{"start":{"line":115,"column":2},"end":{"line":121,"column":3}},{"start":{},"end":{}}],"line":115},"20":{"loc":{"start":{"line":115,"column":6},"end":{"line":115,"column":61}},"type":"binary-expr","locations":[{"start":{"line":115,"column":6},"end":{"line":115,"column":26}},{"start":{"line":115,"column":30},"end":{"line":115,"column":61}}],"line":115},"21":{"loc":{"start":{"line":116,"column":22},"end":{"line":116,"column":49}},"type":"binary-expr","locations":[{"start":{"line":116,"column":22},"end":{"line":116,"column":33}},{"start":{"line":116,"column":37},"end":{"line":116,"column":49}}],"line":116},"22":{"loc":{"start":{"line":118,"column":4},"end":{"line":120,"column":5}},"type":"if","locations":[{"start":{"line":118,"column":4},"end":{"line":120,"column":5}},{"start":{},"end":{}}],"line":118},"23":{"loc":{"start":{"line":124,"column":2},"end":{"line":126,"column":3}},"type":"if","locations":[{"start":{"line":124,"column":2},"end":{"line":126,"column":3}},{"start":{},"end":{}}],"line":124},"24":{"loc":{"start":{"line":124,"column":6},"end":{"line":124,"column":60}},"type":"binary-expr","locations":[{"start":{"line":124,"column":6},"end":{"line":124,"column":22}},{"start":{"line":124,"column":26},"end":{"line":124,"column":60}}],"line":124},"25":{"loc":{"start":{"line":138,"column":2},"end":{"line":140,"column":3}},"type":"if","locations":[{"start":{"line":138,"column":2},"end":{"line":140,"column":3}},{"start":{},"end":{}}],"line":138},"26":{"loc":{"start":{"line":138,"column":6},"end":{"line":138,"column":48}},"type":"binary-expr","locations":[{"start":{"line":138,"column":6},"end":{"line":138,"column":19}},{"start":{"line":138,"column":23},"end":{"line":138,"column":48}}],"line":138},"27":{"loc":{"start":{"line":144,"column":2},"end":{"line":146,"column":3}},"type":"if","locations":[{"start":{"line":144,"column":2},"end":{"line":146,"column":3}},{"start":{},"end":{}}],"line":144},"28":{"loc":{"start":{"line":148,"column":21},"end":{"line":148,"column":43}},"type":"binary-expr","locations":[{"start":{"line":148,"column":21},"end":{"line":148,"column":37}},{"start":{"line":148,"column":41},"end":{"line":148,"column":43}}],"line":148},"29":{"loc":{"start":{"line":159,"column":2},"end":{"line":161,"column":3}},"type":"if","locations":[{"start":{"line":159,"column":2},"end":{"line":161,"column":3}},{"start":{},"end":{}}],"line":159},"30":{"loc":{"start":{"line":159,"column":6},"end":{"line":159,"column":40}},"type":"binary-expr","locations":[{"start":{"line":159,"column":6},"end":{"line":159,"column":15}},{"start":{"line":159,"column":19},"end":{"line":159,"column":40}}],"line":159},"31":{"loc":{"start":{"line":165,"column":2},"end":{"line":167,"column":3}},"type":"if","locations":[{"start":{"line":165,"column":2},"end":{"line":167,"column":3}},{"start":{},"end":{}}],"line":165},"32":{"loc":{"start":{"line":180,"column":2},"end":{"line":180,"column":28}},"type":"default-arg","locations":[{"start":{"line":180,"column":23},"end":{"line":180,"column":28}}],"line":180},"33":{"loc":{"start":{"line":186,"column":2},"end":{"line":190,"column":3}},"type":"if","locations":[{"start":{"line":186,"column":2},"end":{"line":190,"column":3}},{"start":{},"end":{}}],"line":186},"34":{"loc":{"start":{"line":193,"column":32},"end":{"line":193,"column":55}},"type":"binary-expr","locations":[{"start":{"line":193,"column":32},"end":{"line":193,"column":49}},{"start":{"line":193,"column":53},"end":{"line":193,"column":55}}],"line":193},"35":{"loc":{"start":{"line":197,"column":23},"end":{"line":197,"column":57}},"type":"binary-expr","locations":[{"start":{"line":197,"column":23},"end":{"line":197,"column":45}},{"start":{"line":197,"column":49},"end":{"line":197,"column":57}}],"line":197},"36":{"loc":{"start":{"line":206,"column":2},"end":{"line":208,"column":3}},"type":"if","locations":[{"start":{"line":206,"column":2},"end":{"line":208,"column":3}},{"start":{},"end":{}}],"line":206}},"s":{"0":2,"1":8,"2":8,"3":0,"4":0,"5":0,"6":0,"7":2,"8":4,"9":2,"10":0,"11":0,"12":0,"13":0,"14":0,"15":2,"16":6,"17":2,"18":4,"19":4,"20":4,"21":0,"22":4,"23":4,"24":4,"25":4,"26":4,"27":2,"28":10,"29":0,"30":10,"31":10,"32":10,"33":10,"34":4,"35":2,"36":8,"37":8,"38":8,"39":2,"40":6,"41":6,"42":6,"43":6,"44":6,"45":6,"46":1,"47":5,"48":1,"49":4,"50":2,"51":3,"52":1,"53":2,"54":2,"55":0,"56":2,"57":2,"58":2,"59":2,"60":2,"61":0,"62":2,"63":2,"64":0,"65":2,"66":2,"67":0,"68":0,"69":0,"70":0,"71":0,"72":0,"73":0,"74":0,"75":0,"76":0,"77":0,"78":0,"79":0,"80":0,"81":0,"82":0,"83":0,"84":2,"85":0,"86":0,"87":2,"88":0,"89":0,"90":2,"91":0,"92":0},"f":{"0":8,"1":0,"2":4,"3":0,"4":6,"5":4,"6":4,"7":10,"8":4,"9":6,"10":6,"11":3,"12":2,"13":2,"14":0,"15":0,"16":0,"17":0,"18":0,"19":0,"20":0,"21":0,"22":0,"23":0,"24":0,"25":0,"26":0,"27":0},"b":{"0":[8,0],"1":[0,0],"2":[0,0],"3":[2,4],"4":[6,5],"5":[0,4],"6":[4,0],"7":[4,0],"8":[4,3],"9":[4,3,2],"10":[0,10],"11":[10,0],"12":[10,0],"13":[10,0],"14":[2,8],"15":[10,10,4,4],"16":[8,0],"17":[2,6],"18":[8,7],"19":[6,0],"20":[6,6],"21":[6,0],"22":[1,5],"23":[1,4],"24":[5,1],"25":[1,2],"26":[3,3],"27":[0,2],"28":[2,0],"29":[0,2],"30":[2,2],"31":[0,2],"32":[0],"33":[0,0],"34":[0,0],"35":[0,0],"36":[0,0]},"inputSourceMap":null,"_coverageSchema":"1a1c01bbd47fc00a2c39e90264f33305004495a9","hash":"5bb42005d03b8f931e41910c450a12e7818f348d"}
,"/Users/vivekkodira/work/pratishthan/snapshot-testing/lib/test-runner-utils.js": {"path":"/Users/vivekkodira/work/pratishthan/snapshot-testing/lib/test-runner-utils.js","statementMap":{"0":{"start":{"line":15,"column":33},"end":{"line":43,"column":1}},"1":{"start":{"line":16,"column":18},"end":{"line":16,"column":67}},"2":{"start":{"line":17,"column":2},"end":{"line":19,"column":3}},"3":{"start":{"line":18,"column":4},"end":{"line":18,"column":47}},"4":{"start":{"line":22,"column":19},"end":{"line":22,"column":63}},"5":{"start":{"line":23,"column":2},"end":{"line":23,"column":75}},"6":{"start":{"line":28,"column":19},"end":{"line":28,"column":71}},"7":{"start":{"line":29,"column":22},"end":{"line":39,"column":3}},"8":{"start":{"line":40,"column":2},"end":{"line":40,"column":42}},"9":{"start":{"line":42,"column":2},"end":{"line":42,"column":32}},"10":{"start":{"line":49,"column":32},"end":{"line":62,"column":1}},"11":{"start":{"line":50,"column":33},"end":{"line":50,"column":38}},"12":{"start":{"line":52,"column":2},"end":{"line":61,"column":3}},"13":{"start":{"line":53,"column":4},"end":{"line":55,"column":5}},"14":{"start":{"line":54,"column":6},"end":{"line":54,"column":30}},"15":{"start":{"line":56,"column":4},"end":{"line":58,"column":5}},"16":{"start":{"line":57,"column":6},"end":{"line":57,"column":30}}},"fnMap":{"0":{"name":"(anonymous_0)","decl":{"start":{"line":15,"column":33},"end":{"line":15,"column":34}},"loc":{"start":{"line":15,"column":54},"end":{"line":43,"column":1}},"line":15},"1":{"name":"(anonymous_1)","decl":{"start":{"line":49,"column":32},"end":{"line":49,"column":33}},"loc":{"start":{"line":49,"column":43},"end":{"line":62,"column":1}},"line":49}},"branchMap":{"0":{"loc":{"start":{"line":17,"column":2},"end":{"line":19,"column":3}},"type":"if","locations":[{"start":{"line":17,"column":2},"end":{"line":19,"column":3}},{"start":{},"end":{}}],"line":17},"1":{"loc":{"start":{"line":53,"column":4},"end":{"line":55,"column":5}},"type":"if","locations":[{"start":{"line":53,"column":4},"end":{"line":55,"column":5}},{"start":{},"end":{}}],"line":53},"2":{"loc":{"start":{"line":53,"column":8},"end":{"line":53,"column":43}},"type":"binary-expr","locations":[{"start":{"line":53,"column":8},"end":{"line":53,"column":16}},{"start":{"line":53,"column":20},"end":{"line":53,"column":43}}],"line":53},"3":{"loc":{"start":{"line":56,"column":4},"end":{"line":58,"column":5}},"type":"if","locations":[{"start":{"line":56,"column":4},"end":{"line":58,"column":5}},{"start":{},"end":{}}],"line":56},"4":{"loc":{"start":{"line":56,"column":8},"end":{"line":56,"column":43}},"type":"binary-expr","locations":[{"start":{"line":56,"column":8},"end":{"line":56,"column":16}},{"start":{"line":56,"column":20},"end":{"line":56,"column":43}}],"line":56}},"s":{"0":0,"1":0,"2":0,"3":0,"4":0,"5":0,"6":0,"7":0,"8":0,"9":0,"10":0,"11":0,"12":0,"13":0,"14":0,"15":0,"16":0},"f":{"0":0,"1":0},"b":{"0":[0,0],"1":[0,0],"2":[0,0],"3":[0,0],"4":[0,0]},"inputSourceMap":null}
}
