TN:
SF:config-loader.js
FN:44,(anonymous_0)
FN:49,(anonymous_1)
FN:59,(anonymous_2)
FN:75,(anonymous_3)
FN:103,(anonymous_4)
FN:129,(anonymous_5)
FN:180,(anonymous_6)
FN:207,(anonymous_7)
FN:302,(anonymous_8)
FN:339,(anonymous_9)
FN:370,(anonymous_10)
FNF:11
FNH:10
FNDA:3,(anonymous_0)
FNDA:3,(anonymous_1)
FNDA:9,(anonymous_2)
FNDA:0,(anonymous_3)
FNDA:3,(anonymous_4)
FNDA:3,(anonymous_5)
FNDA:6,(anonymous_6)
FNDA:3,(anonymous_7)
FNDA:3,(anonymous_8)
FNDA:3,(anonymous_9)
FNDA:2,(anonymous_10)
DA:36,1
DA:37,1
DA:44,1
DA:45,3
DA:46,3
DA:47,3
DA:49,3
DA:59,1
DA:60,9
DA:61,9
DA:62,1
DA:63,1
DA:64,1
DA:65,1
DA:67,0
DA:75,1
DA:76,0
DA:77,0
DA:80,0
DA:82,0
DA:83,0
DA:84,0
DA:85,0
DA:86,0
DA:87,0
DA:88,0
DA:89,0
DA:92,0
DA:93,0
DA:96,0
DA:103,1
DA:104,3
DA:113,3
DA:115,3
DA:116,18
DA:117,18
DA:118,0
DA:122,3
DA:129,1
DA:130,3
DA:180,1
DA:181,6
DA:183,6
DA:184,5
DA:185,0
DA:188,5
DA:193,3
DA:195,2
DA:199,6
DA:207,1
DA:208,3
DA:211,3
DA:212,3
DA:213,0
DA:215,3
DA:216,0
DA:223,3
DA:224,3
DA:225,0
DA:229,3
DA:230,0
DA:232,3
DA:233,3
DA:237,3
DA:241,0
DA:246,3
DA:250,0
DA:256,3
DA:257,3
DA:258,3
DA:265,3
DA:266,3
DA:267,3
DA:272,3
DA:273,3
DA:281,3
DA:282,3
DA:283,3
DA:287,3
DA:288,3
DA:294,3
DA:302,1
DA:304,3
DA:305,3
DA:306,3
DA:307,0
DA:312,3
DA:313,3
DA:314,3
DA:315,0
DA:321,3
DA:322,3
DA:323,3
DA:324,0
DA:339,1
DA:341,3
DA:344,3
DA:346,3
DA:347,0
DA:348,0
DA:352,3
DA:355,3
DA:358,3
DA:360,3
DA:370,1
DA:371,2
DA:372,2
DA:374,2
DA:375,5
DA:376,4
DA:378,1
DA:382,1
LF:112
LH:84
BRDA:45,0,0,0
BRDA:45,0,1,3
BRDA:46,1,0,0
BRDA:46,1,1,3
BRDA:60,2,0,0
BRDA:60,2,1,9
BRDA:60,3,0,9
BRDA:60,3,1,9
BRDA:61,4,0,8
BRDA:61,4,1,1
BRDA:62,5,0,1
BRDA:62,5,1,0
BRDA:64,6,0,0
BRDA:64,6,1,1
BRDA:64,7,0,1
BRDA:64,7,1,1
BRDA:65,8,0,1
BRDA:65,8,1,0
BRDA:65,9,0,1
BRDA:65,9,1,0
BRDA:76,10,0,0
BRDA:76,10,1,0
BRDA:76,11,0,0
BRDA:76,11,1,0
BRDA:83,12,0,0
BRDA:83,12,1,0
BRDA:86,13,0,0
BRDA:86,13,1,0
BRDA:86,14,0,0
BRDA:86,14,1,0
BRDA:89,15,0,0
BRDA:89,15,1,0
BRDA:117,16,0,0
BRDA:117,16,1,18
BRDA:184,17,0,0
BRDA:184,17,1,5
BRDA:184,18,0,5
BRDA:184,18,1,5
BRDA:188,19,0,3
BRDA:188,19,1,2
BRDA:189,20,0,5
BRDA:189,20,1,3
BRDA:189,20,2,3
BRDA:193,21,0,3
BRDA:193,21,1,0
BRDA:211,22,0,3
BRDA:211,22,1,0
BRDA:212,23,0,0
BRDA:212,23,1,3
BRDA:215,24,0,0
BRDA:215,24,1,3
BRDA:223,25,0,3
BRDA:223,25,1,0
BRDA:224,26,0,0
BRDA:224,26,1,3
BRDA:229,27,0,0
BRDA:229,27,1,3
BRDA:232,28,0,3
BRDA:232,28,1,0
BRDA:237,29,0,0
BRDA:237,29,1,3
BRDA:238,30,0,3
BRDA:238,30,1,3
BRDA:246,31,0,0
BRDA:246,31,1,3
BRDA:247,32,0,3
BRDA:247,32,1,3
BRDA:256,33,0,3
BRDA:256,33,1,0
BRDA:257,34,0,3
BRDA:257,34,1,0
BRDA:265,35,0,3
BRDA:265,35,1,0
BRDA:266,36,0,3
BRDA:266,36,1,0
BRDA:272,37,0,3
BRDA:272,37,1,0
BRDA:281,38,0,3
BRDA:281,38,1,0
BRDA:282,39,0,3
BRDA:282,39,1,0
BRDA:284,40,0,3
BRDA:284,40,1,0
BRDA:287,41,0,3
BRDA:287,41,1,0
BRDA:289,42,0,3
BRDA:289,42,1,0
BRDA:304,43,0,3
BRDA:304,43,1,0
BRDA:306,44,0,0
BRDA:306,44,1,3
BRDA:306,45,0,3
BRDA:306,45,1,3
BRDA:306,45,2,3
BRDA:312,46,0,3
BRDA:312,46,1,0
BRDA:314,47,0,0
BRDA:314,47,1,3
BRDA:314,48,0,3
BRDA:314,48,1,3
BRDA:321,49,0,3
BRDA:321,49,1,0
BRDA:323,50,0,0
BRDA:323,50,1,3
BRDA:323,51,0,3
BRDA:323,51,1,3
BRDA:339,52,0,1
BRDA:344,53,0,3
BRDA:344,53,1,3
BRDA:346,54,0,0
BRDA:346,54,1,3
BRDA:370,55,0,1
BRDA:375,56,0,4
BRDA:375,56,1,1
BRDA:375,57,0,5
BRDA:375,57,1,5
BRDA:375,57,2,5
BRF:117
BRH:69
end_of_record
TN:
SF:cli/index.js
FN:27,(anonymous_0)
FNF:1
FNH:0
FNDA:0,(anonymous_0)
DA:17,0
DA:28,0
DA:29,0
DA:30,0
DA:32,0
DA:33,0
DA:34,0
DA:38,0
DA:39,0
DA:40,0
DA:41,0
DA:44,0
LF:12
LH:0
BRDA:28,0,0,0
BRDA:28,0,1,0
BRF:2
BRH:0
end_of_record
TN:
SF:cli/commands/diff.js
FN:18,(anonymous_0)
FN:22,(anonymous_1)
FN:44,(anonymous_2)
FN:122,(anonymous_3)
FN:123,(anonymous_4)
FNF:5
FNH:0
FNDA:0,(anonymous_0)
FNDA:0,(anonymous_1)
FNDA:0,(anonymous_2)
FNDA:0,(anonymous_3)
FNDA:0,(anonymous_4)
DA:18,0
DA:19,0
DA:23,0
DA:45,0
DA:46,0
DA:48,0
DA:52,0
DA:53,0
DA:54,0
DA:57,0
DA:59,0
DA:60,0
DA:63,0
DA:65,0
DA:66,0
DA:69,0
DA:72,0
DA:75,0
DA:77,0
DA:78,0
DA:81,0
DA:84,0
DA:87,0
DA:90,0
DA:97,0
DA:105,0
DA:112,0
DA:122,0
DA:123,0
DA:126,0
DA:127,0
DA:129,0
DA:130,0
DA:133,0
DA:135,0
DA:136,0
LF:36
LH:0
BRDA:52,0,0,0
BRDA:52,0,1,0
BRDA:53,1,0,0
BRDA:53,1,1,0
BRDA:65,2,0,0
BRDA:65,2,1,0
BRDA:77,3,0,0
BRDA:77,3,1,0
BRDA:123,4,0,0
BRDA:123,4,1,0
BRDA:126,5,0,0
BRDA:126,5,1,0
BRF:12
BRH:0
end_of_record
TN:
SF:cli/commands/report.js
FN:21,(anonymous_0)
FN:25,(anonymous_1)
FN:55,(anonymous_2)
FNF:3
FNH:0
FNDA:0,(anonymous_0)
FNDA:0,(anonymous_1)
FNDA:0,(anonymous_2)
DA:21,0
DA:22,0
DA:26,0
DA:56,0
DA:57,0
DA:58,0
DA:61,0
DA:62,0
DA:65,0
DA:68,0
DA:71,0
DA:74,0
DA:78,0
DA:87,0
DA:88,0
DA:89,0
DA:90,0
DA:92,0
DA:96,0
DA:97,0
DA:98,0
DA:99,0
DA:103,0
DA:107,0
DA:110,0
DA:111,0
DA:115,0
DA:116,0
DA:119,0
DA:120,0
DA:123,0
DA:129,0
DA:134,0
DA:136,0
DA:137,0
DA:145,0
DA:149,0
LF:37
LH:0
BRDA:61,0,0,0
BRDA:61,0,1,0
BRDA:87,1,0,0
BRDA:87,1,1,0
BRDA:87,2,0,0
BRDA:87,2,1,0
BRDA:89,3,0,0
BRDA:89,3,1,0
BRDA:96,4,0,0
BRDA:96,4,1,0
BRDA:96,5,0,0
BRDA:96,5,1,0
BRDA:98,6,0,0
BRDA:98,6,1,0
BRDA:107,7,0,0
BRDA:107,7,1,0
BRDA:110,8,0,0
BRDA:110,8,1,0
BRDA:115,9,0,0
BRDA:115,9,1,0
BRDA:119,10,0,0
BRDA:119,10,1,0
BRDA:119,11,0,0
BRDA:119,11,1,0
BRDA:123,12,0,0
BRDA:123,12,1,0
BRDA:125,13,0,0
BRDA:125,13,1,0
BRF:28
BRH:0
end_of_record
TN:
SF:cli/commands/run.js
FN:17,(anonymous_0)
FN:21,(anonymous_1)
FN:76,(anonymous_2)
FN:178,(anonymous_3)
FN:179,(anonymous_4)
FN:196,(anonymous_5)
FNF:6
FNH:0
FNDA:0,(anonymous_0)
FNDA:0,(anonymous_1)
FNDA:0,(anonymous_2)
FNDA:0,(anonymous_3)
FNDA:0,(anonymous_4)
FNDA:0,(anonymous_5)
DA:17,0
DA:18,0
DA:22,0
DA:77,0
DA:78,0
DA:81,0
DA:85,0
DA:86,0
DA:87,0
DA:89,0
DA:90,0
DA:91,0
DA:93,0
DA:94,0
DA:96,0
DA:97,0
DA:98,0
DA:100,0
DA:101,0
DA:102,0
DA:105,0
DA:107,0
DA:108,0
DA:113,0
DA:114,0
DA:118,0
DA:119,0
DA:127,0
DA:128,0
DA:132,0
DA:134,0
DA:135,0
DA:138,0
DA:142,0
DA:145,0
DA:152,0
DA:153,0
DA:157,0
DA:168,0
DA:178,0
DA:179,0
DA:183,0
DA:186,0
DA:188,0
DA:190,0
DA:191,0
DA:195,0
DA:196,0
DA:199,0
DA:204,0
DA:211,0
DA:216,0
DA:218,0
DA:223,0
DA:224,0
DA:226,0
DA:227,0
DA:230,0
DA:231,0
LF:59
LH:0
BRDA:85,0,0,0
BRDA:85,0,1,0
BRDA:86,1,0,0
BRDA:86,1,1,0
BRDA:89,2,0,0
BRDA:89,2,1,0
BRDA:90,3,0,0
BRDA:90,3,1,0
BRDA:93,4,0,0
BRDA:93,4,1,0
BRDA:96,5,0,0
BRDA:96,5,1,0
BRDA:97,6,0,0
BRDA:97,6,1,0
BRDA:100,7,0,0
BRDA:100,7,1,0
BRDA:101,8,0,0
BRDA:101,8,1,0
BRDA:113,9,0,0
BRDA:113,9,1,0
BRDA:118,10,0,0
BRDA:118,10,1,0
BRDA:134,11,0,0
BRDA:134,11,1,0
BRDA:152,12,0,0
BRDA:152,12,1,0
BRDA:179,13,0,0
BRDA:179,13,1,0
BRDA:190,14,0,0
BRDA:190,14,1,0
BRDA:191,15,0,0
BRDA:191,15,1,0
BRDA:196,16,0,0
BRDA:196,16,1,0
BRDA:196,16,2,0
BRDA:199,17,0,0
BRDA:199,17,1,0
BRDA:200,18,0,0
BRDA:200,18,1,0
BRDA:200,18,2,0
BRDA:213,19,0,0
BRDA:213,19,1,0
BRDA:223,20,0,0
BRDA:223,20,1,0
BRF:44
BRH:0
end_of_record
TN:
SF:cli/commands/update.js
FN:21,(anonymous_0)
FN:25,(anonymous_1)
FN:58,(anonymous_2)
FN:80,(anonymous_3)
FN:93,(anonymous_4)
FN:109,(anonymous_5)
FN:131,(anonymous_6)
FN:197,(anonymous_7)
FN:198,(anonymous_8)
FNF:9
FNH:0
FNDA:0,(anonymous_0)
FNDA:0,(anonymous_1)
FNDA:0,(anonymous_2)
FNDA:0,(anonymous_3)
FNDA:0,(anonymous_4)
FNDA:0,(anonymous_5)
FNDA:0,(anonymous_6)
FNDA:0,(anonymous_7)
FNDA:0,(anonymous_8)
DA:21,0
DA:22,0
DA:26,0
DA:59,0
DA:60,0
DA:62,0
DA:64,0
DA:67,0
DA:68,0
DA:73,0
DA:75,0
DA:76,0
DA:77,0
DA:80,0
DA:81,0
DA:88,0
DA:94,0
DA:98,0
DA:100,0
DA:101,0
DA:102,0
DA:105,0
DA:108,0
DA:109,0
DA:112,0
DA:113,0
DA:114,0
DA:118,0
DA:124,0
DA:125,0
DA:127,0
DA:128,0
DA:129,0
DA:131,0
DA:132,0
DA:133,0
DA:134,0
DA:138,0
DA:139,0
DA:141,0
DA:142,0
DA:145,0
DA:148,0
DA:149,0
DA:150,0
DA:154,0
DA:157,0
DA:160,0
DA:169,0
DA:175,0
DA:176,0
DA:179,0
DA:180,0
DA:181,0
DA:187,0
DA:197,0
DA:198,0
DA:201,0
DA:202,0
DA:204,0
DA:205,0
DA:208,0
DA:210,0
DA:211,0
LF:64
LH:0
BRDA:67,0,0,0
BRDA:67,0,1,0
BRDA:75,1,0,0
BRDA:75,1,1,0
BRDA:100,2,0,0
BRDA:100,2,1,0
BRDA:108,3,0,0
BRDA:108,3,1,0
BRDA:112,4,0,0
BRDA:112,4,1,0
BRDA:113,5,0,0
BRDA:113,5,1,0
BRDA:127,6,0,0
BRDA:127,6,1,0
BRDA:141,7,0,0
BRDA:141,7,1,0
BRDA:142,8,0,0
BRDA:142,8,1,0
BRDA:145,9,0,0
BRDA:145,9,1,0
BRDA:148,10,0,0
BRDA:148,10,1,0
BRDA:175,11,0,0
BRDA:175,11,1,0
BRDA:179,12,0,0
BRDA:179,12,1,0
BRDA:198,13,0,0
BRDA:198,13,1,0
BRDA:201,14,0,0
BRDA:201,14,1,0
BRF:30
BRH:0
end_of_record
TN:
SF:lib/diff-analyzer.js
FN:15,(anonymous_0)
FN:25,(anonymous_1)
FN:30,(anonymous_2)
FN:86,(anonymous_3)
FN:119,(anonymous_4)
FN:129,(anonymous_5)
FN:141,(anonymous_6)
FN:160,(anonymous_7)
FN:181,(anonymous_8)
FN:200,(anonymous_9)
FN:224,(anonymous_10)
FN:231,(anonymous_11)
FN:277,(anonymous_12)
FNF:13
FNH:0
FNDA:0,(anonymous_0)
FNDA:0,(anonymous_1)
FNDA:0,(anonymous_2)
FNDA:0,(anonymous_3)
FNDA:0,(anonymous_4)
FNDA:0,(anonymous_5)
FNDA:0,(anonymous_6)
FNDA:0,(anonymous_7)
FNDA:0,(anonymous_8)
FNDA:0,(anonymous_9)
FNDA:0,(anonymous_10)
FNDA:0,(anonymous_11)
FNDA:0,(anonymous_12)
DA:15,0
DA:16,0
DA:25,0
DA:30,0
DA:31,0
DA:35,0
DA:36,0
DA:40,0
DA:46,0
DA:50,0
DA:51,0
DA:74,0
DA:77,0
DA:86,0
DA:90,0
DA:91,0
DA:92,0
DA:95,0
DA:102,0
DA:104,0
DA:105,0
DA:106,0
DA:110,0
DA:119,0
DA:120,0
DA:121,0
DA:126,0
DA:129,0
DA:131,0
DA:141,0
DA:142,0
DA:143,0
DA:147,0
DA:149,0
DA:160,0
DA:165,0
DA:166,0
DA:170,0
DA:172,0
DA:181,0
DA:182,0
DA:183,0
DA:187,0
DA:188,0
DA:190,0
DA:200,0
DA:204,0
DA:206,0
DA:207,0
DA:208,0
DA:210,0
DA:211,0
DA:215,0
DA:224,0
DA:225,0
DA:226,0
DA:227,0
DA:229,0
DA:231,0
DA:232,0
DA:235,0
DA:236,0
DA:237,0
DA:240,0
DA:241,0
DA:242,0
DA:243,0
DA:245,0
DA:250,0
DA:251,0
DA:253,0
DA:254,0
DA:258,0
DA:262,0
DA:277,0
DA:281,0
DA:282,0
DA:283,0
DA:285,0
DA:286,0
DA:288,0
DA:289,0
DA:292,0
DA:296,0
DA:300,0
DA:301,0
DA:305,0
DA:307,0
LF:88
LH:0
BRDA:16,0,0,0
BRDA:16,0,1,0
BRDA:27,1,0,0
BRDA:30,2,0,0
BRDA:30,2,1,0
BRDA:35,3,0,0
BRDA:35,3,1,0
BRDA:40,4,0,0
BRDA:40,4,1,0
BRDA:41,5,0,0
BRDA:41,5,1,0
BRDA:41,5,2,0
BRDA:41,5,3,0
BRDA:51,6,0,0
BRDA:51,6,1,0
BRDA:52,7,0,0
BRDA:52,7,1,0
BRDA:52,7,2,0
BRDA:52,7,3,0
BRDA:52,7,4,0
BRDA:52,7,5,0
BRDA:52,7,6,0
BRDA:52,7,7,0
BRDA:52,7,8,0
BRDA:52,7,9,0
BRDA:52,7,10,0
BRDA:52,7,11,0
BRDA:52,7,12,0
BRDA:52,7,13,0
BRDA:52,7,14,0
BRDA:52,7,15,0
BRDA:52,7,16,0
BRDA:52,7,17,0
BRDA:52,7,18,0
BRDA:52,7,19,0
BRDA:52,7,20,0
BRDA:88,8,0,0
BRDA:105,9,0,0
BRDA:105,9,1,0
BRDA:119,10,0,0
BRDA:141,11,0,0
BRDA:162,12,0,0
BRDA:163,13,0,0
BRDA:181,14,0,0
BRDA:188,15,0,0
BRDA:188,15,1,0
BRDA:188,16,0,0
BRDA:188,16,1,0
BRDA:202,17,0,0
BRDA:210,18,0,0
BRDA:210,18,1,0
BRDA:235,19,0,0
BRDA:235,19,1,0
BRDA:240,20,0,0
BRDA:240,20,1,0
BRDA:242,21,0,0
BRDA:242,21,1,0
BRDA:279,22,0,0
BRDA:292,23,0,0
BRDA:292,23,1,0
BRDA:293,24,0,0
BRDA:293,24,1,0
BRDA:300,25,0,0
BRDA:300,25,1,0
BRF:64
BRH:0
end_of_record
TN:
SF:lib/failure-handler.js
FN:15,(anonymous_0)
FN:31,(anonymous_1)
FN:40,(anonymous_2)
FN:55,(anonymous_3)
FN:64,(anonymous_4)
FN:101,(anonymous_5)
FN:109,(anonymous_6)
FN:112,(anonymous_7)
FN:126,(anonymous_8)
FN:134,(anonymous_9)
FN:137,(anonymous_10)
FN:148,(anonymous_11)
FN:156,(anonymous_12)
FN:159,(anonymous_13)
FN:170,(anonymous_14)
FN:178,(anonymous_15)
FN:181,(anonymous_16)
FN:193,(anonymous_17)
FN:219,(anonymous_18)
FN:224,(anonymous_19)
FN:238,(anonymous_20)
FN:255,(anonymous_21)
FN:267,(anonymous_22)
FN:309,(anonymous_23)
FNF:24
FNH:0
FNDA:0,(anonymous_0)
FNDA:0,(anonymous_1)
FNDA:0,(anonymous_2)
FNDA:0,(anonymous_3)
FNDA:0,(anonymous_4)
FNDA:0,(anonymous_5)
FNDA:0,(anonymous_6)
FNDA:0,(anonymous_7)
FNDA:0,(anonymous_8)
FNDA:0,(anonymous_9)
FNDA:0,(anonymous_10)
FNDA:0,(anonymous_11)
FNDA:0,(anonymous_12)
FNDA:0,(anonymous_13)
FNDA:0,(anonymous_14)
FNDA:0,(anonymous_15)
FNDA:0,(anonymous_16)
FNDA:0,(anonymous_17)
FNDA:0,(anonymous_18)
FNDA:0,(anonymous_19)
FNDA:0,(anonymous_20)
FNDA:0,(anonymous_21)
FNDA:0,(anonymous_22)
FNDA:0,(anonymous_23)
DA:15,0
DA:16,0
DA:17,0
DA:31,0
DA:40,0
DA:41,0
DA:42,0
DA:46,0
DA:47,0
DA:50,0
DA:51,0
DA:55,0
DA:64,0
DA:65,0
DA:67,0
DA:68,0
DA:71,0
DA:72,0
DA:73,0
DA:75,0
DA:76,0
DA:78,0
DA:79,0
DA:80,0
DA:81,0
DA:90,0
DA:93,0
DA:101,0
DA:102,0
DA:103,0
DA:106,0
DA:107,0
DA:108,0
DA:109,0
DA:112,0
DA:114,0
DA:117,0
DA:126,0
DA:127,0
DA:128,0
DA:131,0
DA:132,0
DA:133,0
DA:134,0
DA:137,0
DA:139,0
DA:148,0
DA:149,0
DA:150,0
DA:153,0
DA:154,0
DA:155,0
DA:156,0
DA:159,0
DA:161,0
DA:170,0
DA:171,0
DA:172,0
DA:175,0
DA:176,0
DA:177,0
DA:178,0
DA:181,0
DA:183,0
DA:193,0
DA:194,0
DA:195,0
DA:197,0
DA:198,0
DA:204,0
DA:206,0
DA:210,0
DA:219,0
DA:220,0
DA:221,0
DA:224,0
DA:225,0
DA:238,0
DA:239,0
DA:241,0
DA:255,0
DA:256,0
DA:257,0
DA:258,0
DA:261,0
DA:262,0
DA:263,0
DA:264,0
DA:267,0
DA:268,0
DA:269,0
DA:270,0
DA:273,0
DA:274,0
DA:279,0
DA:284,0
DA:294,0
DA:295,0
DA:296,0
DA:301,0
DA:302,0
DA:303,0
DA:308,0
DA:309,0
DA:313,0
DA:314,0
DA:315,0
DA:318,0
DA:319,0
DA:321,0
DA:322,0
LF:111
LH:0
BRDA:41,0,0,0
BRDA:41,0,1,0
BRDA:41,1,0,0
BRDA:41,1,1,0
BRDA:46,2,0,0
BRDA:46,2,1,0
BRDA:51,3,0,0
BRDA:51,3,1,0
BRDA:67,4,0,0
BRDA:67,4,1,0
BRDA:76,5,0,0
BRDA:76,5,1,0
BRDA:79,6,0,0
BRDA:79,6,1,0
BRDA:102,7,0,0
BRDA:102,7,1,0
BRDA:127,8,0,0
BRDA:127,8,1,0
BRDA:149,9,0,0
BRDA:149,9,1,0
BRDA:171,10,0,0
BRDA:171,10,1,0
BRDA:198,11,0,0
BRDA:198,11,1,0
BRDA:200,12,0,0
BRDA:200,12,1,0
BRDA:220,13,0,0
BRDA:220,13,1,0
BRDA:226,14,0,0
BRDA:226,14,1,0
BRDA:245,15,0,0
BRDA:245,15,1,0
BRDA:256,16,0,0
BRDA:256,16,1,0
BRDA:268,17,0,0
BRDA:268,17,1,0
BRDA:274,18,0,0
BRDA:274,18,1,0
BRDA:275,19,0,0
BRDA:275,19,1,0
BRDA:275,19,2,0
BRDA:279,20,0,0
BRDA:279,20,1,0
BRDA:294,21,0,0
BRDA:294,21,1,0
BRDA:301,22,0,0
BRDA:301,22,1,0
BRDA:314,23,0,0
BRDA:314,23,1,0
BRF:49
BRH:0
end_of_record
TN:
SF:lib/index.js
FNF:0
FNH:0
LF:0
LH:0
BRF:0
BRH:0
end_of_record
TN:
SF:lib/report-generator.js
FN:16,(anonymous_0)
FN:24,(anonymous_1)
FN:33,(anonymous_2)
FN:41,(anonymous_3)
FN:49,(anonymous_4)
FN:55,(anonymous_5)
FN:81,(anonymous_6)
FN:94,(anonymous_7)
FN:98,(anonymous_8)
FN:111,(anonymous_9)
FN:162,(anonymous_10)
FN:309,(anonymous_11)
FN:319,(anonymous_12)
FN:368,(anonymous_13)
FN:385,(anonymous_14)
FN:432,(anonymous_15)
FN:448,(anonymous_16)
FN:457,(anonymous_17)
FN:466,(anonymous_18)
FN:477,(anonymous_19)
FNF:20
FNH:5
FNDA:14,(anonymous_0)
FNDA:7,(anonymous_1)
FNDA:0,(anonymous_2)
FNDA:0,(anonymous_3)
FNDA:0,(anonymous_4)
FNDA:0,(anonymous_5)
FNDA:0,(anonymous_6)
FNDA:0,(anonymous_7)
FNDA:0,(anonymous_8)
FNDA:0,(anonymous_9)
FNDA:0,(anonymous_10)
FNDA:0,(anonymous_11)
FNDA:2,(anonymous_12)
FNDA:1,(anonymous_13)
FNDA:1,(anonymous_14)
FNDA:0,(anonymous_15)
FNDA:0,(anonymous_16)
FNDA:0,(anonymous_17)
FNDA:0,(anonymous_18)
FNDA:0,(anonymous_19)
DA:16,1
DA:17,14
DA:24,14
DA:33,1
DA:34,0
DA:35,0
DA:36,0
DA:38,0
DA:41,0
DA:49,0
DA:55,0
DA:63,0
DA:64,0
DA:68,0
DA:70,0
DA:71,0
DA:81,1
DA:82,0
DA:83,0
DA:86,0
DA:87,0
DA:88,0
DA:90,0
DA:93,0
DA:94,0
DA:98,0
DA:99,0
DA:100,0
DA:104,0
DA:107,0
DA:108,0
DA:111,0
DA:112,0
DA:113,0
DA:117,0
DA:120,0
DA:123,0
DA:127,0
DA:139,0
DA:146,0
DA:147,0
DA:149,0
DA:150,0
DA:162,1
DA:168,0
DA:309,0
DA:319,1
DA:320,2
DA:368,1
DA:369,1
DA:385,1
DA:432,1
DA:433,0
DA:434,0
DA:435,0
DA:437,0
DA:438,0
DA:440,0
DA:443,0
DA:446,0
DA:447,0
DA:448,0
DA:449,0
DA:451,0
DA:455,0
DA:456,0
DA:457,0
DA:458,0
DA:460,0
DA:464,0
DA:465,0
DA:466,0
DA:467,0
DA:471,0
DA:475,0
DA:476,0
DA:477,0
DA:478,0
DA:480,0
DA:484,0
DA:485,0
DA:486,0
DA:487,0
DA:488,0
DA:489,0
DA:491,0
DA:492,0
DA:494,0
DA:495,0
LF:89
LH:12
BRDA:82,0,0,0
BRDA:82,0,1,0
BRDA:82,1,0,0
BRDA:82,1,1,0
BRDA:107,2,0,0
BRDA:107,2,1,0
BRDA:120,3,0,0
BRDA:120,3,1,0
BRDA:123,4,0,0
BRDA:123,4,1,0
BRDA:129,5,0,0
BRDA:129,5,1,0
BRDA:135,6,0,0
BRDA:135,6,1,0
BRDA:306,7,0,0
BRDA:306,7,1,0
BRDA:306,8,0,0
BRDA:306,8,1,0
BRDA:327,9,0,1
BRDA:327,9,1,1
BRDA:327,10,0,2
BRDA:327,10,1,1
BRDA:331,11,0,1
BRDA:331,11,1,1
BRDA:331,12,0,2
BRDA:331,12,1,1
BRDA:337,13,0,1
BRDA:337,13,1,1
BRDA:337,14,0,2
BRDA:337,14,1,1
BRDA:342,15,0,1
BRDA:342,15,1,0
BRDA:348,16,0,1
BRDA:348,16,1,0
BRDA:348,17,0,1
BRDA:348,17,1,1
BRDA:358,18,0,0
BRDA:358,18,1,2
BRDA:358,19,0,2
BRDA:358,19,1,2
BRDA:390,20,0,1
BRDA:390,20,1,0
BRDA:397,21,0,1
BRDA:397,21,1,0
BRDA:404,22,0,1
BRDA:404,22,1,0
BRDA:404,23,0,1
BRDA:404,23,1,1
BRDA:411,24,0,1
BRDA:411,24,1,0
BRDA:411,25,0,1
BRDA:411,25,1,1
BRDA:412,26,0,0
BRDA:412,26,1,1
BRDA:412,27,0,0
BRDA:412,27,1,1
BRDA:446,28,0,0
BRDA:446,28,1,0
BRDA:446,29,0,0
BRDA:446,29,1,0
BRDA:455,30,0,0
BRDA:455,30,1,0
BRDA:455,31,0,0
BRDA:455,31,1,0
BRDA:464,32,0,0
BRDA:464,32,1,0
BRDA:464,33,0,0
BRDA:464,33,1,0
BRDA:475,34,0,0
BRDA:475,34,1,0
BRDA:475,35,0,0
BRDA:475,35,1,0
BRDA:486,36,0,0
BRDA:486,36,1,0
BRDA:487,37,0,0
BRDA:487,37,1,0
BRDA:488,38,0,0
BRDA:488,38,1,0
BRDA:489,39,0,0
BRDA:489,39,1,0
BRF:80
BRH:29
end_of_record
TN:
SF:lib/story-discovery.js
FN:14,(anonymous_0)
FN:19,(anonymous_1)
FN:28,(anonymous_2)
FN:38,(anonymous_3)
FN:60,(anonymous_4)
FN:65,(anonymous_5)
FN:76,(anonymous_6)
FN:89,(anonymous_7)
FN:101,(anonymous_8)
FN:117,(anonymous_9)
FN:118,(anonymous_10)
FN:137,(anonymous_11)
FN:149,(anonymous_12)
FN:158,(anonymous_13)
FN:178,(anonymous_14)
FN:197,(anonymous_15)
FN:199,(anonymous_16)
FN:201,(anonymous_17)
FN:202,(anonymous_18)
FN:203,(anonymous_19)
FN:207,(anonymous_20)
FN:210,(anonymous_21)
FN:220,(anonymous_22)
FN:221,(anonymous_23)
FN:230,(anonymous_24)
FN:231,(anonymous_25)
FN:240,(anonymous_26)
FN:242,(anonymous_27)
FNF:28
FNH:12
FNDA:8,(anonymous_0)
FNDA:0,(anonymous_1)
FNDA:4,(anonymous_2)
FNDA:0,(anonymous_3)
FNDA:6,(anonymous_4)
FNDA:4,(anonymous_5)
FNDA:4,(anonymous_6)
FNDA:10,(anonymous_7)
FNDA:4,(anonymous_8)
FNDA:6,(anonymous_9)
FNDA:6,(anonymous_10)
FNDA:3,(anonymous_11)
FNDA:2,(anonymous_12)
FNDA:2,(anonymous_13)
FNDA:0,(anonymous_14)
FNDA:0,(anonymous_15)
FNDA:0,(anonymous_16)
FNDA:0,(anonymous_17)
FNDA:0,(anonymous_18)
FNDA:0,(anonymous_19)
FNDA:0,(anonymous_20)
FNDA:0,(anonymous_21)
FNDA:0,(anonymous_22)
FNDA:0,(anonymous_23)
FNDA:0,(anonymous_24)
FNDA:0,(anonymous_25)
FNDA:0,(anonymous_26)
FNDA:0,(anonymous_27)
DA:14,2
DA:15,8
DA:16,0
DA:17,0
DA:19,0
DA:28,2
DA:29,4
DA:38,2
DA:39,0
DA:40,0
DA:42,0
DA:43,0
DA:49,0
DA:60,2
DA:61,6
DA:62,2
DA:65,4
DA:67,4
DA:68,0
DA:71,4
DA:72,4
DA:73,4
DA:75,4
DA:77,4
DA:89,2
DA:90,10
DA:92,10
DA:93,10
DA:94,10
DA:97,10
DA:101,4
DA:103,2
DA:107,8
DA:108,8
DA:109,8
DA:110,2
DA:115,6
DA:116,6
DA:117,6
DA:118,6
DA:119,1
DA:124,5
DA:125,1
DA:128,4
DA:137,2
DA:138,3
DA:139,1
DA:142,2
DA:144,2
DA:145,0
DA:148,2
DA:149,2
DA:158,2
DA:159,2
DA:160,0
DA:163,2
DA:165,2
DA:166,0
DA:169,2
DA:178,2
DA:182,0
DA:184,0
DA:186,0
DA:187,0
DA:192,0
DA:193,0
DA:196,0
DA:197,0
DA:199,0
DA:201,0
DA:202,0
DA:203,0
DA:206,0
DA:207,0
DA:210,0
DA:220,2
DA:221,0
DA:230,2
DA:231,0
DA:240,2
DA:241,0
DA:242,0
LF:82
LH:51
BRDA:15,0,0,8
BRDA:15,0,1,0
BRDA:16,1,0,0
BRDA:16,1,1,0
BRDA:50,2,0,0
BRDA:50,2,1,0
BRDA:61,3,0,2
BRDA:61,3,1,4
BRDA:61,4,0,6
BRDA:61,4,1,5
BRDA:67,5,0,0
BRDA:67,5,1,4
BRDA:71,6,0,4
BRDA:71,6,1,0
BRDA:72,7,0,4
BRDA:72,7,1,0
BRDA:73,8,0,4
BRDA:73,8,1,3
BRDA:77,9,0,4
BRDA:77,9,1,3
BRDA:77,9,2,2
BRDA:90,10,0,0
BRDA:90,10,1,10
BRDA:92,11,0,10
BRDA:92,11,1,0
BRDA:93,12,0,10
BRDA:93,12,1,0
BRDA:94,13,0,10
BRDA:94,13,1,0
BRDA:97,14,0,2
BRDA:97,14,1,8
BRDA:98,15,0,10
BRDA:98,15,1,10
BRDA:98,15,2,4
BRDA:98,15,3,4
BRDA:107,16,0,8
BRDA:107,16,1,0
BRDA:109,17,0,2
BRDA:109,17,1,6
BRDA:109,18,0,8
BRDA:109,18,1,7
BRDA:115,19,0,6
BRDA:115,19,1,0
BRDA:115,20,0,6
BRDA:115,20,1,6
BRDA:116,21,0,6
BRDA:116,21,1,0
BRDA:118,22,0,1
BRDA:118,22,1,5
BRDA:124,23,0,1
BRDA:124,23,1,4
BRDA:124,24,0,5
BRDA:124,24,1,1
BRDA:138,25,0,1
BRDA:138,25,1,2
BRDA:138,26,0,3
BRDA:138,26,1,3
BRDA:144,27,0,0
BRDA:144,27,1,2
BRDA:148,28,0,2
BRDA:148,28,1,0
BRDA:159,29,0,0
BRDA:159,29,1,2
BRDA:159,30,0,2
BRDA:159,30,1,2
BRDA:165,31,0,0
BRDA:165,31,1,2
BRDA:180,32,0,0
BRDA:186,33,0,0
BRDA:186,33,1,0
BRDA:193,34,0,0
BRDA:193,34,1,0
BRDA:197,35,0,0
BRDA:197,35,1,0
BRDA:206,36,0,0
BRDA:206,36,1,0
BRF:76
BRH:48
end_of_record
TN:
SF:lib/test-runner-utils.js
FN:15,(anonymous_0)
FN:49,(anonymous_1)
FNF:2
FNH:0
FNDA:0,(anonymous_0)
FNDA:0,(anonymous_1)
DA:15,0
DA:16,0
DA:17,0
DA:18,0
DA:22,0
DA:23,0
DA:28,0
DA:29,0
DA:40,0
DA:42,0
DA:49,0
DA:50,0
DA:52,0
DA:53,0
DA:54,0
DA:56,0
DA:57,0
LF:17
LH:0
BRDA:17,0,0,0
BRDA:17,0,1,0
BRDA:53,1,0,0
BRDA:53,1,1,0
BRDA:53,2,0,0
BRDA:53,2,1,0
BRDA:56,3,0,0
BRDA:56,3,1,0
BRDA:56,4,0,0
BRDA:56,4,1,0
BRF:10
BRH:0
end_of_record
